[2025-10-18T20:45:41.656+0000] {local_task_job_runner.py:120} INFO - ::group::Pre task execution logs
[2025-10-18T20:45:41.757+0000] {taskinstance.py:2076} INFO - Dependencies all met for dep_context=non-requeueable deps ti=<TaskInstance: jobs_jobspy_daily.normalize_jobspy manual__2025-10-18T20:44:53.966960+00:00 [queued]>
[2025-10-18T20:45:41.781+0000] {taskinstance.py:2076} INFO - Dependencies all met for dep_context=requeueable deps ti=<TaskInstance: jobs_jobspy_daily.normalize_jobspy manual__2025-10-18T20:44:53.966960+00:00 [queued]>
[2025-10-18T20:45:41.782+0000] {taskinstance.py:2306} INFO - Starting attempt 1 of 1
[2025-10-18T20:45:41.831+0000] {taskinstance.py:2330} INFO - Executing <Task(BashOperator): normalize_jobspy> on 2025-10-18 20:44:53.966960+00:00
[2025-10-18T20:45:41.854+0000] {standard_task_runner.py:90} INFO - Running: ['***', 'tasks', 'run', 'jobs_jobspy_daily', 'normalize_jobspy', 'manual__2025-10-18T20:44:53.966960+00:00', '--job-id', '73', '--raw', '--subdir', 'DAGS_FOLDER/jobs_jobspy_daily.py', '--cfg-path', '/tmp/tmpntcwrh7f']
[2025-10-18T20:45:41.860+0000] {standard_task_runner.py:91} INFO - Job 73: Subtask normalize_jobspy
[2025-10-18T20:45:41.856+0000] {logging_mixin.py:188} WARNING - /home/***/.local/lib/python3.12/site-packages/***/task/task_runner/standard_task_runner.py:62 DeprecationWarning: This process (pid=2887) is multi-threaded, use of fork() may lead to deadlocks in the child.
[2025-10-18T20:45:41.866+0000] {standard_task_runner.py:64} INFO - Started process 2888 to run task
[2025-10-18T20:45:42.049+0000] {task_command.py:426} INFO - Running <TaskInstance: jobs_jobspy_daily.normalize_jobspy manual__2025-10-18T20:44:53.966960+00:00 [running]> on host 68cd41389e54
[2025-10-18T20:45:42.421+0000] {taskinstance.py:2648} INFO - Exporting env vars: AIRFLOW_CTX_DAG_OWNER='***' AIRFLOW_CTX_DAG_ID='jobs_jobspy_daily' AIRFLOW_CTX_TASK_ID='normalize_jobspy' AIRFLOW_CTX_EXECUTION_DATE='2025-10-18T20:44:53.966960+00:00' AIRFLOW_CTX_TRY_NUMBER='1' AIRFLOW_CTX_DAG_RUN_ID='manual__2025-10-18T20:44:53.966960+00:00'
[2025-10-18T20:45:42.424+0000] {taskinstance.py:430} INFO - ::endgroup::
[2025-10-18T20:45:42.507+0000] {subprocess.py:63} INFO - Tmp dir root location: /tmp
[2025-10-18T20:45:42.515+0000] {subprocess.py:75} INFO - Running command: ['/usr/bin/bash', '-c', 'python -u /workspace/scripts/jobspy_normalize_jobs.py']
[2025-10-18T20:45:42.549+0000] {subprocess.py:86} INFO - Output:
[2025-10-18T20:45:43.949+0000] {subprocess.py:93} INFO - Ingested: 0
[2025-10-18T20:45:43.982+0000] {subprocess.py:97} INFO - Command exited with return code 0
[2025-10-18T20:45:43.984+0000] {taskinstance.py:441} INFO - ::group::Post task execution logs
[2025-10-18T20:45:44.039+0000] {taskinstance.py:1206} INFO - Marking task as SUCCESS. dag_id=jobs_jobspy_daily, task_id=normalize_jobspy, run_id=manual__2025-10-18T20:44:53.966960+00:00, execution_date=20251018T204453, start_date=20251018T204541, end_date=20251018T204544
[2025-10-18T20:45:44.101+0000] {local_task_job_runner.py:243} INFO - Task exited with return code 0
[2025-10-18T20:45:44.139+0000] {taskinstance.py:3503} INFO - 1 downstream tasks scheduled from follow-on schedule check
[2025-10-18T20:45:44.142+0000] {local_task_job_runner.py:222} INFO - ::endgroup::
