[2025-10-18T20:34:34.975+0000] {local_task_job_runner.py:120} INFO - ::group::Pre task execution logs
[2025-10-18T20:34:35.301+0000] {taskinstance.py:2076} INFO - Dependencies all met for dep_context=non-requeueable deps ti=<TaskInstance: jobs_jobspy_daily.collect_jobspy manual__2025-10-18T20:34:33.121718+00:00 [queued]>
[2025-10-18T20:34:35.352+0000] {taskinstance.py:2076} INFO - Dependencies all met for dep_context=requeueable deps ti=<TaskInstance: jobs_jobspy_daily.collect_jobspy manual__2025-10-18T20:34:33.121718+00:00 [queued]>
[2025-10-18T20:34:35.354+0000] {taskinstance.py:2306} INFO - Starting attempt 1 of 1
[2025-10-18T20:34:35.417+0000] {taskinstance.py:2330} INFO - Executing <Task(BashOperator): collect_jobspy> on 2025-10-18 20:34:33.121718+00:00
[2025-10-18T20:34:35.440+0000] {standard_task_runner.py:90} INFO - Running: ['***', 'tasks', 'run', 'jobs_jobspy_daily', 'collect_jobspy', 'manual__2025-10-18T20:34:33.121718+00:00', '--job-id', '63', '--raw', '--subdir', 'DAGS_FOLDER/jobs_jobspy_daily.py', '--cfg-path', '/tmp/tmptbw6k928']
[2025-10-18T20:34:35.448+0000] {standard_task_runner.py:91} INFO - Job 63: Subtask collect_jobspy
[2025-10-18T20:34:35.456+0000] {logging_mixin.py:188} WARNING - /home/***/.local/lib/python3.12/site-packages/***/task/task_runner/standard_task_runner.py:62 DeprecationWarning: This process (pid=2608) is multi-threaded, use of fork() may lead to deadlocks in the child.
[2025-10-18T20:34:35.463+0000] {standard_task_runner.py:64} INFO - Started process 2609 to run task
[2025-10-18T20:34:35.674+0000] {task_command.py:426} INFO - Running <TaskInstance: jobs_jobspy_daily.collect_jobspy manual__2025-10-18T20:34:33.121718+00:00 [running]> on host 68cd41389e54
[2025-10-18T20:34:36.271+0000] {taskinstance.py:2648} INFO - Exporting env vars: AIRFLOW_CTX_DAG_OWNER='***' AIRFLOW_CTX_DAG_ID='jobs_jobspy_daily' AIRFLOW_CTX_TASK_ID='collect_jobspy' AIRFLOW_CTX_EXECUTION_DATE='2025-10-18T20:34:33.121718+00:00' AIRFLOW_CTX_TRY_NUMBER='1' AIRFLOW_CTX_DAG_RUN_ID='manual__2025-10-18T20:34:33.121718+00:00'
[2025-10-18T20:34:36.331+0000] {taskinstance.py:430} INFO - ::endgroup::
[2025-10-18T20:34:36.486+0000] {subprocess.py:63} INFO - Tmp dir root location: /tmp
[2025-10-18T20:34:36.503+0000] {subprocess.py:75} INFO - Running command: ['/usr/bin/bash', '-c', "python -u /workspace/scripts/jobspy_collect.py --queries 'Data Engineer,Data Scientist,ML Engineer,DevOps Engineer,Data Analyst' --locations 'France,Remote,Paris,Lyon' --sites indeed --pages 3 --days 10 --outfile jobspy_all_{ds_nodash}.jsonl"]
[2025-10-18T20:34:36.552+0000] {subprocess.py:86} INFO - Output:
[2025-10-18T20:34:49.922+0000] {subprocess.py:93} INFO - [OK] 150 rows from indeed for Data Engineer @ France
[2025-10-18T20:34:50.749+0000] {subprocess.py:93} INFO - [OK] 14 rows from indeed for Data Engineer @ Remote
[2025-10-18T20:34:57.539+0000] {subprocess.py:93} INFO - [OK] 150 rows from indeed for Data Engineer @ Paris
[2025-10-18T20:34:59.187+0000] {subprocess.py:93} INFO - [OK] 27 rows from indeed for Data Engineer @ Lyon
[2025-10-18T20:35:04.694+0000] {subprocess.py:93} INFO - [OK] 150 rows from indeed for Data Scientist @ France
[2025-10-18T20:35:05.265+0000] {subprocess.py:93} INFO - [OK] 2 rows from indeed for Data Scientist @ Remote
[2025-10-18T20:35:09.132+0000] {subprocess.py:93} INFO - [OK] 145 rows from indeed for Data Scientist @ Paris
[2025-10-18T20:35:09.979+0000] {subprocess.py:93} INFO - [OK] 20 rows from indeed for Data Scientist @ Lyon
[2025-10-18T20:35:12.791+0000] {subprocess.py:93} INFO - [OK] 105 rows from indeed for ML Engineer @ France
[2025-10-18T20:35:13.247+0000] {subprocess.py:93} INFO - [OK] 1 rows from indeed for ML Engineer @ Remote
[2025-10-18T20:35:15.351+0000] {subprocess.py:93} INFO - [OK] 48 rows from indeed for ML Engineer @ Paris
[2025-10-18T20:35:15.986+0000] {subprocess.py:93} INFO - [OK] 2 rows from indeed for ML Engineer @ Lyon
[2025-10-18T20:35:19.344+0000] {subprocess.py:93} INFO - [OK] 120 rows from indeed for DevOps Engineer @ France
[2025-10-18T20:35:19.822+0000] {subprocess.py:93} INFO - [OK] 3 rows from indeed for DevOps Engineer @ Remote
[2025-10-18T20:35:21.757+0000] {subprocess.py:93} INFO - [OK] 72 rows from indeed for DevOps Engineer @ Paris
[2025-10-18T20:35:22.532+0000] {subprocess.py:93} INFO - [OK] 7 rows from indeed for DevOps Engineer @ Lyon
[2025-10-18T20:35:27.313+0000] {subprocess.py:93} INFO - [OK] 150 rows from indeed for Data Analyst @ France
[2025-10-18T20:35:27.569+0000] {subprocess.py:93} INFO - [WARN] no rows from indeed for Data Analyst @ Remote
[2025-10-18T20:35:30.689+0000] {subprocess.py:93} INFO - [OK] 141 rows from indeed for Data Analyst @ Paris
[2025-10-18T20:35:31.618+0000] {subprocess.py:93} INFO - [OK] 16 rows from indeed for Data Analyst @ Lyon
[2025-10-18T20:35:31.626+0000] {subprocess.py:93} INFO - [DEDUP] 1323 -> 698 unique by job_url
[2025-10-18T20:35:32.162+0000] {subprocess.py:93} INFO - [MERGED] 698 rows -> ./ops/datalake/raw/jobs/jobspy_all_{ds_nodash}.jsonl
[2025-10-18T20:35:32.373+0000] {subprocess.py:97} INFO - Command exited with return code 0
[2025-10-18T20:35:32.379+0000] {taskinstance.py:441} INFO - ::group::Post task execution logs
[2025-10-18T20:35:32.451+0000] {taskinstance.py:1206} INFO - Marking task as SUCCESS. dag_id=jobs_jobspy_daily, task_id=collect_jobspy, run_id=manual__2025-10-18T20:34:33.121718+00:00, execution_date=20251018T203433, start_date=20251018T203435, end_date=20251018T203532
[2025-10-18T20:35:32.500+0000] {local_task_job_runner.py:243} INFO - Task exited with return code 0
[2025-10-18T20:35:32.568+0000] {taskinstance.py:3503} INFO - 1 downstream tasks scheduled from follow-on schedule check
[2025-10-18T20:35:32.571+0000] {local_task_job_runner.py:222} INFO - ::endgroup::
