[2025-10-17T18:45:12.962+0000] {local_task_job_runner.py:120} INFO - ::group::Pre task execution logs
[2025-10-17T18:45:13.040+0000] {taskinstance.py:2076} INFO - Dependencies all met for dep_context=non-requeueable deps ti=<TaskInstance: jobs_jobspy_daily.collect_jobspy manual__2025-10-17T18:45:12.477673+00:00 [queued]>
[2025-10-17T18:45:13.056+0000] {taskinstance.py:2076} INFO - Dependencies all met for dep_context=requeueable deps ti=<TaskInstance: jobs_jobspy_daily.collect_jobspy manual__2025-10-17T18:45:12.477673+00:00 [queued]>
[2025-10-17T18:45:13.057+0000] {taskinstance.py:2306} INFO - Starting attempt 1 of 1
[2025-10-17T18:45:13.080+0000] {taskinstance.py:2330} INFO - Executing <Task(BashOperator): collect_jobspy> on 2025-10-17 18:45:12.477673+00:00
[2025-10-17T18:45:13.091+0000] {logging_mixin.py:188} WARNING - /home/***/.local/lib/python3.12/site-packages/***/task/task_runner/standard_task_runner.py:62 DeprecationWarning: This process (pid=191) is multi-threaded, use of fork() may lead to deadlocks in the child.
[2025-10-17T18:45:13.092+0000] {standard_task_runner.py:64} INFO - Started process 192 to run task
[2025-10-17T18:45:13.090+0000] {standard_task_runner.py:90} INFO - Running: ['***', 'tasks', 'run', 'jobs_jobspy_daily', 'collect_jobspy', 'manual__2025-10-17T18:45:12.477673+00:00', '--job-id', '44', '--raw', '--subdir', 'DAGS_FOLDER/jobs_jobspy_daily.py', '--cfg-path', '/tmp/tmpd2947orb']
[2025-10-17T18:45:13.094+0000] {standard_task_runner.py:91} INFO - Job 44: Subtask collect_jobspy
[2025-10-17T18:45:13.189+0000] {task_command.py:426} INFO - Running <TaskInstance: jobs_jobspy_daily.collect_jobspy manual__2025-10-17T18:45:12.477673+00:00 [running]> on host 68cd41389e54
[2025-10-17T18:45:13.441+0000] {taskinstance.py:2648} INFO - Exporting env vars: AIRFLOW_CTX_DAG_OWNER='***' AIRFLOW_CTX_DAG_ID='jobs_jobspy_daily' AIRFLOW_CTX_TASK_ID='collect_jobspy' AIRFLOW_CTX_EXECUTION_DATE='2025-10-17T18:45:12.477673+00:00' AIRFLOW_CTX_TRY_NUMBER='1' AIRFLOW_CTX_DAG_RUN_ID='manual__2025-10-17T18:45:12.477673+00:00'
[2025-10-17T18:45:13.442+0000] {taskinstance.py:430} INFO - ::endgroup::
[2025-10-17T18:45:13.471+0000] {subprocess.py:63} INFO - Tmp dir root location: /tmp
[2025-10-17T18:45:13.472+0000] {subprocess.py:75} INFO - Running command: ['/usr/bin/bash', '-c', "python -u /workspace/scripts/jobspy_collect.py --queries 'Data Engineer,Data Scientist,ML Engineer,DevOps Engineer,Backend Developer' --locations 'France,Remote,Paris' --sites indeed,glassdoor,linkedin --pages 4 --days 21 --max_per_query 1000 --strict 1 --per_site_files 0"]
[2025-10-17T18:45:13.485+0000] {subprocess.py:86} INFO - Output:
[2025-10-17T18:45:15.853+0000] {subprocess.py:97} INFO - Command exited with return code 0
[2025-10-17T18:45:15.854+0000] {taskinstance.py:441} INFO - ::group::Post task execution logs
[2025-10-17T18:45:15.892+0000] {taskinstance.py:1206} INFO - Marking task as SUCCESS. dag_id=jobs_jobspy_daily, task_id=collect_jobspy, run_id=manual__2025-10-17T18:45:12.477673+00:00, execution_date=20251017T184512, start_date=20251017T184513, end_date=20251017T184515
[2025-10-17T18:45:15.963+0000] {local_task_job_runner.py:243} INFO - Task exited with return code 0
[2025-10-17T18:45:15.998+0000] {taskinstance.py:3503} INFO - 1 downstream tasks scheduled from follow-on schedule check
[2025-10-17T18:45:16.000+0000] {local_task_job_runner.py:222} INFO - ::endgroup::
