[2025-10-18T21:22:58.750+0000] {local_task_job_runner.py:120} INFO - ::group::Pre task execution logs
[2025-10-18T21:22:58.832+0000] {taskinstance.py:2076} INFO - Dependencies all met for dep_context=non-requeueable deps ti=<TaskInstance: jobs_jobspy_daily.match_demo manual__2025-10-18T21:20:26.754339+00:00 [queued]>
[2025-10-18T21:22:58.855+0000] {taskinstance.py:2076} INFO - Dependencies all met for dep_context=requeueable deps ti=<TaskInstance: jobs_jobspy_daily.match_demo manual__2025-10-18T21:20:26.754339+00:00 [queued]>
[2025-10-18T21:22:58.857+0000] {taskinstance.py:2306} INFO - Starting attempt 1 of 1
[2025-10-18T21:22:58.892+0000] {taskinstance.py:2330} INFO - Executing <Task(BashOperator): match_demo> on 2025-10-18 21:20:26.754339+00:00
[2025-10-18T21:22:58.912+0000] {logging_mixin.py:188} WARNING - /home/***/.local/lib/python3.12/site-packages/***/task/task_runner/standard_task_runner.py:62 DeprecationWarning: This process (pid=3741) is multi-threaded, use of fork() may lead to deadlocks in the child.
[2025-10-18T21:22:58.911+0000] {standard_task_runner.py:90} INFO - Running: ['***', 'tasks', 'run', 'jobs_jobspy_daily', 'match_demo', 'manual__2025-10-18T21:20:26.754339+00:00', '--job-id', '86', '--raw', '--subdir', 'DAGS_FOLDER/jobs_jobspy_daily.py', '--cfg-path', '/tmp/tmpmx4sywj0']
[2025-10-18T21:22:58.916+0000] {standard_task_runner.py:64} INFO - Started process 3742 to run task
[2025-10-18T21:22:58.917+0000] {standard_task_runner.py:91} INFO - Job 86: Subtask match_demo
[2025-10-18T21:22:59.064+0000] {task_command.py:426} INFO - Running <TaskInstance: jobs_jobspy_daily.match_demo manual__2025-10-18T21:20:26.754339+00:00 [running]> on host 68cd41389e54
[2025-10-18T21:22:59.373+0000] {taskinstance.py:2648} INFO - Exporting env vars: AIRFLOW_CTX_DAG_OWNER='***' AIRFLOW_CTX_DAG_ID='jobs_jobspy_daily' AIRFLOW_CTX_TASK_ID='match_demo' AIRFLOW_CTX_EXECUTION_DATE='2025-10-18T21:20:26.754339+00:00' AIRFLOW_CTX_TRY_NUMBER='1' AIRFLOW_CTX_DAG_RUN_ID='manual__2025-10-18T21:20:26.754339+00:00'
[2025-10-18T21:22:59.375+0000] {taskinstance.py:430} INFO - ::endgroup::
[2025-10-18T21:22:59.436+0000] {subprocess.py:63} INFO - Tmp dir root location: /tmp
[2025-10-18T21:22:59.442+0000] {subprocess.py:75} INFO - Running command: ['/usr/bin/bash', '-c', "curl -X POST 'http://api:8000/match/run?job_title=Data%20Engineer'"]
[2025-10-18T21:22:59.464+0000] {subprocess.py:86} INFO - Output:
[2025-10-18T21:22:59.622+0000] {subprocess.py:93} INFO -   % Total    % Received % Xferd  Average Speed   Time    Time     Time  Current
[2025-10-18T21:22:59.624+0000] {subprocess.py:93} INFO -                                  Dload  Upload   Total   Spent    Left  Speed
[2025-10-18T21:22:59.703+0000] {subprocess.py:93} INFO -   0     0    0     0    0     0      0      0 --:--:-- --:--:-- --:--:--     0100    26  100    26    0     0    310      0 --:--:-- --:--:-- --:--:--   325
[2025-10-18T21:22:59.710+0000] {subprocess.py:93} INFO - {"detail":"job not found"}
[2025-10-18T21:22:59.715+0000] {subprocess.py:97} INFO - Command exited with return code 0
[2025-10-18T21:22:59.719+0000] {taskinstance.py:441} INFO - ::group::Post task execution logs
[2025-10-18T21:22:59.841+0000] {taskinstance.py:1206} INFO - Marking task as SUCCESS. dag_id=jobs_jobspy_daily, task_id=match_demo, run_id=manual__2025-10-18T21:20:26.754339+00:00, execution_date=20251018T212026, start_date=20251018T212258, end_date=20251018T212259
[2025-10-18T21:22:59.897+0000] {local_task_job_runner.py:243} INFO - Task exited with return code 0
[2025-10-18T21:22:59.953+0000] {taskinstance.py:3503} INFO - 0 downstream tasks scheduled from follow-on schedule check
[2025-10-18T21:22:59.957+0000] {local_task_job_runner.py:222} INFO - ::endgroup::
