[2025-10-18T20:43:26.783+0000] {local_task_job_runner.py:120} INFO - ::group::Pre task execution logs
[2025-10-18T20:43:26.853+0000] {taskinstance.py:2076} INFO - Dependencies all met for dep_context=non-requeueable deps ti=<TaskInstance: jobs_jobspy_daily.match_demo manual__2025-10-18T20:42:33.840660+00:00 [queued]>
[2025-10-18T20:43:26.866+0000] {taskinstance.py:2076} INFO - Dependencies all met for dep_context=requeueable deps ti=<TaskInstance: jobs_jobspy_daily.match_demo manual__2025-10-18T20:42:33.840660+00:00 [queued]>
[2025-10-18T20:43:26.867+0000] {taskinstance.py:2306} INFO - Starting attempt 1 of 1
[2025-10-18T20:43:26.888+0000] {taskinstance.py:2330} INFO - Executing <Task(BashOperator): match_demo> on 2025-10-18 20:42:33.840660+00:00
[2025-10-18T20:43:26.900+0000] {logging_mixin.py:188} WARNING - /home/***/.local/lib/python3.12/site-packages/***/task/task_runner/standard_task_runner.py:62 DeprecationWarning: This process (pid=2826) is multi-threaded, use of fork() may lead to deadlocks in the child.
[2025-10-18T20:43:26.902+0000] {standard_task_runner.py:64} INFO - Started process 2827 to run task
[2025-10-18T20:43:26.900+0000] {standard_task_runner.py:90} INFO - Running: ['***', 'tasks', 'run', 'jobs_jobspy_daily', 'match_demo', 'manual__2025-10-18T20:42:33.840660+00:00', '--job-id', '71', '--raw', '--subdir', 'DAGS_FOLDER/jobs_jobspy_daily.py', '--cfg-path', '/tmp/tmpr0qpy3xz']
[2025-10-18T20:43:26.905+0000] {standard_task_runner.py:91} INFO - Job 71: Subtask match_demo
[2025-10-18T20:43:26.992+0000] {task_command.py:426} INFO - Running <TaskInstance: jobs_jobspy_daily.match_demo manual__2025-10-18T20:42:33.840660+00:00 [running]> on host 68cd41389e54
[2025-10-18T20:43:27.154+0000] {taskinstance.py:2648} INFO - Exporting env vars: AIRFLOW_CTX_DAG_OWNER='***' AIRFLOW_CTX_DAG_ID='jobs_jobspy_daily' AIRFLOW_CTX_TASK_ID='match_demo' AIRFLOW_CTX_EXECUTION_DATE='2025-10-18T20:42:33.840660+00:00' AIRFLOW_CTX_TRY_NUMBER='1' AIRFLOW_CTX_DAG_RUN_ID='manual__2025-10-18T20:42:33.840660+00:00'
[2025-10-18T20:43:27.155+0000] {taskinstance.py:430} INFO - ::endgroup::
[2025-10-18T20:43:27.183+0000] {subprocess.py:63} INFO - Tmp dir root location: /tmp
[2025-10-18T20:43:27.185+0000] {subprocess.py:75} INFO - Running command: ['/usr/bin/bash', '-c', "curl -s -X POST 'http://api:8000/match/run?job_title=Data%20Engineer'"]
[2025-10-18T20:43:27.196+0000] {subprocess.py:86} INFO - Output:
[2025-10-18T20:43:27.222+0000] {subprocess.py:93} INFO - {"detail":"job not found"}
[2025-10-18T20:43:27.223+0000] {subprocess.py:97} INFO - Command exited with return code 0
[2025-10-18T20:43:27.225+0000] {taskinstance.py:441} INFO - ::group::Post task execution logs
[2025-10-18T20:43:27.275+0000] {taskinstance.py:1206} INFO - Marking task as SUCCESS. dag_id=jobs_jobspy_daily, task_id=match_demo, run_id=manual__2025-10-18T20:42:33.840660+00:00, execution_date=20251018T204233, start_date=20251018T204326, end_date=20251018T204327
[2025-10-18T20:43:27.319+0000] {local_task_job_runner.py:243} INFO - Task exited with return code 0
[2025-10-18T20:43:27.350+0000] {taskinstance.py:3503} INFO - 0 downstream tasks scheduled from follow-on schedule check
[2025-10-18T20:43:27.353+0000] {local_task_job_runner.py:222} INFO - ::endgroup::
