[2025-10-17T20:14:53.892+0000] {local_task_job_runner.py:120} INFO - ::group::Pre task execution logs
[2025-10-17T20:14:53.944+0000] {taskinstance.py:2076} INFO - Dependencies all met for dep_context=non-requeueable deps ti=<TaskInstance: jobs_jobspy_daily.match_demo manual__2025-10-17T19:42:54.787575+00:00 [queued]>
[2025-10-17T20:14:53.958+0000] {taskinstance.py:2076} INFO - Dependencies all met for dep_context=requeueable deps ti=<TaskInstance: jobs_jobspy_daily.match_demo manual__2025-10-17T19:42:54.787575+00:00 [queued]>
[2025-10-17T20:14:53.959+0000] {taskinstance.py:2306} INFO - Starting attempt 1 of 1
[2025-10-17T20:14:53.978+0000] {taskinstance.py:2330} INFO - Executing <Task(BashOperator): match_demo> on 2025-10-17 19:42:54.787575+00:00
[2025-10-17T20:14:53.986+0000] {logging_mixin.py:188} WARNING - /home/***/.local/lib/python3.12/site-packages/***/task/task_runner/standard_task_runner.py:62 DeprecationWarning: This process (pid=9367) is multi-threaded, use of fork() may lead to deadlocks in the child.
[2025-10-17T20:14:53.988+0000] {standard_task_runner.py:64} INFO - Started process 9368 to run task
[2025-10-17T20:14:53.987+0000] {standard_task_runner.py:90} INFO - Running: ['***', 'tasks', 'run', 'jobs_jobspy_daily', 'match_demo', 'manual__2025-10-17T19:42:54.787575+00:00', '--job-id', '56', '--raw', '--subdir', 'DAGS_FOLDER/jobs_jobspy_daily.py', '--cfg-path', '/tmp/tmps4fefkeq']
[2025-10-17T20:14:53.991+0000] {standard_task_runner.py:91} INFO - Job 56: Subtask match_demo
[2025-10-17T20:14:54.066+0000] {task_command.py:426} INFO - Running <TaskInstance: jobs_jobspy_daily.match_demo manual__2025-10-17T19:42:54.787575+00:00 [running]> on host 68cd41389e54
[2025-10-17T20:14:54.210+0000] {taskinstance.py:2648} INFO - Exporting env vars: AIRFLOW_CTX_DAG_OWNER='***' AIRFLOW_CTX_DAG_ID='jobs_jobspy_daily' AIRFLOW_CTX_TASK_ID='match_demo' AIRFLOW_CTX_EXECUTION_DATE='2025-10-17T19:42:54.787575+00:00' AIRFLOW_CTX_TRY_NUMBER='1' AIRFLOW_CTX_DAG_RUN_ID='manual__2025-10-17T19:42:54.787575+00:00'
[2025-10-17T20:14:54.211+0000] {taskinstance.py:430} INFO - ::endgroup::
[2025-10-17T20:14:54.233+0000] {subprocess.py:63} INFO - Tmp dir root location: /tmp
[2025-10-17T20:14:54.234+0000] {subprocess.py:75} INFO - Running command: ['/usr/bin/bash', '-c', "curl -X POST 'http://api:8000/match/run?job_title=Data%20Engineer'"]
[2025-10-17T20:14:54.246+0000] {subprocess.py:86} INFO - Output:
[2025-10-17T20:14:54.369+0000] {subprocess.py:93} INFO -   % Total    % Received % Xferd  Average Speed   Time    Time     Time  Current
[2025-10-17T20:14:54.370+0000] {subprocess.py:93} INFO -                                  Dload  Upload   Total   Spent    Left  Speed
[2025-10-17T20:14:55.487+0000] {subprocess.py:93} INFO -   0     0    0     0    0     0      0      0 --:--:-- --:--:-- --:--:--     0100    26  100    26    0     0     23      0  0:00:01  0:00:01 --:--:--    23100    26  100    26    0     0     23      0  0:00:01  0:00:01 --:--:--    23
[2025-10-17T20:14:55.497+0000] {subprocess.py:93} INFO - {"detail":"job not found"}
[2025-10-17T20:14:55.499+0000] {subprocess.py:97} INFO - Command exited with return code 0
[2025-10-17T20:14:55.503+0000] {taskinstance.py:441} INFO - ::group::Post task execution logs
[2025-10-17T20:14:55.594+0000] {taskinstance.py:1206} INFO - Marking task as SUCCESS. dag_id=jobs_jobspy_daily, task_id=match_demo, run_id=manual__2025-10-17T19:42:54.787575+00:00, execution_date=20251017T194254, start_date=20251017T201453, end_date=20251017T201455
[2025-10-17T20:14:55.655+0000] {local_task_job_runner.py:243} INFO - Task exited with return code 0
[2025-10-17T20:14:55.737+0000] {taskinstance.py:3503} INFO - 0 downstream tasks scheduled from follow-on schedule check
[2025-10-17T20:14:55.741+0000] {local_task_job_runner.py:222} INFO - ::endgroup::
