[2025-10-17T18:36:30.584+0000] {local_task_job_runner.py:120} INFO - ::group::Pre task execution logs
[2025-10-17T18:36:30.657+0000] {taskinstance.py:2076} INFO - Dependencies all met for dep_context=non-requeueable deps ti=<TaskInstance: jobs_jobspy_daily.match_demo manual__2025-10-17T18:36:22.864349+00:00 [queued]>
[2025-10-17T18:36:30.672+0000] {taskinstance.py:2076} INFO - Dependencies all met for dep_context=requeueable deps ti=<TaskInstance: jobs_jobspy_daily.match_demo manual__2025-10-17T18:36:22.864349+00:00 [queued]>
[2025-10-17T18:36:30.673+0000] {taskinstance.py:2306} INFO - Starting attempt 1 of 1
[2025-10-17T18:36:30.699+0000] {taskinstance.py:2330} INFO - Executing <Task(BashOperator): match_demo> on 2025-10-17 18:36:22.864349+00:00
[2025-10-17T18:36:30.711+0000] {logging_mixin.py:188} WARNING - /home/***/.local/lib/python3.12/site-packages/***/task/task_runner/standard_task_runner.py:62 DeprecationWarning: This process (pid=3508) is multi-threaded, use of fork() may lead to deadlocks in the child.
[2025-10-17T18:36:30.712+0000] {standard_task_runner.py:64} INFO - Started process 3509 to run task
[2025-10-17T18:36:30.710+0000] {standard_task_runner.py:90} INFO - Running: ['***', 'tasks', 'run', 'jobs_jobspy_daily', 'match_demo', 'manual__2025-10-17T18:36:22.864349+00:00', '--job-id', '42', '--raw', '--subdir', 'DAGS_FOLDER/jobs_jobspy_daily.py', '--cfg-path', '/tmp/tmp3199zfw4']
[2025-10-17T18:36:30.714+0000] {standard_task_runner.py:91} INFO - Job 42: Subtask match_demo
[2025-10-17T18:36:30.804+0000] {task_command.py:426} INFO - Running <TaskInstance: jobs_jobspy_daily.match_demo manual__2025-10-17T18:36:22.864349+00:00 [running]> on host 68cd41389e54
[2025-10-17T18:36:30.971+0000] {taskinstance.py:2648} INFO - Exporting env vars: AIRFLOW_CTX_DAG_OWNER='***' AIRFLOW_CTX_DAG_ID='jobs_jobspy_daily' AIRFLOW_CTX_TASK_ID='match_demo' AIRFLOW_CTX_EXECUTION_DATE='2025-10-17T18:36:22.864349+00:00' AIRFLOW_CTX_TRY_NUMBER='1' AIRFLOW_CTX_DAG_RUN_ID='manual__2025-10-17T18:36:22.864349+00:00'
[2025-10-17T18:36:30.972+0000] {taskinstance.py:430} INFO - ::endgroup::
[2025-10-17T18:36:30.998+0000] {subprocess.py:63} INFO - Tmp dir root location: /tmp
[2025-10-17T18:36:31.000+0000] {subprocess.py:75} INFO - Running command: ['/usr/bin/bash', '-c', "curl -s -X POST 'http://api:8000/match/run?job_title=Data%20Engineer'"]
[2025-10-17T18:36:31.011+0000] {subprocess.py:86} INFO - Output:
[2025-10-17T18:36:31.039+0000] {subprocess.py:93} INFO - {"detail":"job not found"}
[2025-10-17T18:36:31.040+0000] {subprocess.py:97} INFO - Command exited with return code 0
[2025-10-17T18:36:31.042+0000] {taskinstance.py:441} INFO - ::group::Post task execution logs
[2025-10-17T18:36:31.088+0000] {taskinstance.py:1206} INFO - Marking task as SUCCESS. dag_id=jobs_jobspy_daily, task_id=match_demo, run_id=manual__2025-10-17T18:36:22.864349+00:00, execution_date=20251017T183622, start_date=20251017T183630, end_date=20251017T183631
[2025-10-17T18:36:31.128+0000] {local_task_job_runner.py:243} INFO - Task exited with return code 0
[2025-10-17T18:36:31.158+0000] {taskinstance.py:3503} INFO - 0 downstream tasks scheduled from follow-on schedule check
[2025-10-17T18:36:31.162+0000] {local_task_job_runner.py:222} INFO - ::endgroup::
