[2025-10-17T19:34:14.130+0000] {local_task_job_runner.py:120} INFO - ::group::Pre task execution logs
[2025-10-17T19:34:14.208+0000] {taskinstance.py:2076} INFO - Dependencies all met for dep_context=non-requeueable deps ti=<TaskInstance: jobs_jobspy_daily.collect_jobspy manual__2025-10-17T19:34:13.254028+00:00 [queued]>
[2025-10-17T19:34:14.235+0000] {taskinstance.py:2076} INFO - Dependencies all met for dep_context=requeueable deps ti=<TaskInstance: jobs_jobspy_daily.collect_jobspy manual__2025-10-17T19:34:13.254028+00:00 [queued]>
[2025-10-17T19:34:14.244+0000] {taskinstance.py:2306} INFO - Starting attempt 1 of 1
[2025-10-17T19:34:14.288+0000] {taskinstance.py:2330} INFO - Executing <Task(BashOperator): collect_jobspy> on 2025-10-17 19:34:13.254028+00:00
[2025-10-17T19:34:14.311+0000] {logging_mixin.py:188} WARNING - /home/***/.local/lib/python3.12/site-packages/***/task/task_runner/standard_task_runner.py:62 DeprecationWarning: This process (pid=2837) is multi-threaded, use of fork() may lead to deadlocks in the child.
[2025-10-17T19:34:14.315+0000] {standard_task_runner.py:64} INFO - Started process 2838 to run task
[2025-10-17T19:34:14.308+0000] {standard_task_runner.py:90} INFO - Running: ['***', 'tasks', 'run', 'jobs_jobspy_daily', 'collect_jobspy', 'manual__2025-10-17T19:34:13.254028+00:00', '--job-id', '53', '--raw', '--subdir', 'DAGS_FOLDER/jobs_jobspy_daily.py', '--cfg-path', '/tmp/tmp6s1upkm8']
[2025-10-17T19:34:14.317+0000] {standard_task_runner.py:91} INFO - Job 53: Subtask collect_jobspy
[2025-10-17T19:34:14.503+0000] {task_command.py:426} INFO - Running <TaskInstance: jobs_jobspy_daily.collect_jobspy manual__2025-10-17T19:34:13.254028+00:00 [running]> on host 68cd41389e54
[2025-10-17T19:34:14.845+0000] {taskinstance.py:2648} INFO - Exporting env vars: AIRFLOW_CTX_DAG_OWNER='***' AIRFLOW_CTX_DAG_ID='jobs_jobspy_daily' AIRFLOW_CTX_TASK_ID='collect_jobspy' AIRFLOW_CTX_EXECUTION_DATE='2025-10-17T19:34:13.254028+00:00' AIRFLOW_CTX_TRY_NUMBER='1' AIRFLOW_CTX_DAG_RUN_ID='manual__2025-10-17T19:34:13.254028+00:00'
[2025-10-17T19:34:14.847+0000] {taskinstance.py:430} INFO - ::endgroup::
[2025-10-17T19:34:14.899+0000] {subprocess.py:63} INFO - Tmp dir root location: /tmp
[2025-10-17T19:34:14.904+0000] {subprocess.py:75} INFO - Running command: ['/usr/bin/bash', '-c', "python /workspace/scripts/jobspy_collect.py --queries 'Data Engineer,Data Scientist,ML Engineer,DevOps Engineer,Backend Developer,Data Analyst' --locations 'France,Remote,Paris,Lyon' --sites indeed,glassdoor,linkedin --pages 8 --days 45"]
[2025-10-17T19:34:14.924+0000] {subprocess.py:86} INFO - Output:
[2025-10-17T19:36:12.376+0000] {subprocess.py:93} INFO - 2025-10-17 19:36:12,375 - INFO - JobSpy:Linkedin - finished scraping
[2025-10-17T19:36:13.492+0000] {subprocess.py:93} INFO - /workspace/scripts/jobspy_collect.py:53: FutureWarning: The behavior of DataFrame concatenation with empty or all-NA entries is deprecated. In a future version, this will no longer exclude empty or all-NA columns when determining the result dtypes. To retain the old behavior, exclude the relevant entries before the concat operation.
[2025-10-17T19:36:13.493+0000] {subprocess.py:93} INFO -   df_all = pd.concat(parts, ignore_index=True)
[2025-10-17T19:36:26.414+0000] {local_task_job_runner.py:313} WARNING - State of this instance has been externally set to failed. Terminating instance.
[2025-10-17T19:36:26.416+0000] {local_task_job_runner.py:222} INFO - ::endgroup::
[2025-10-17T19:36:26.419+0000] {process_utils.py:132} INFO - Sending 15 to group 2838. PIDs of all processes in the group: [2839, 2838]
[2025-10-17T19:36:26.420+0000] {process_utils.py:87} INFO - Sending the signal 15 to group 2838
[2025-10-17T19:36:26.421+0000] {taskinstance.py:2611} ERROR - Received SIGTERM. Terminating subprocesses.
[2025-10-17T19:36:26.421+0000] {subprocess.py:104} INFO - Sending SIGTERM signal to process group
[2025-10-17T19:36:26.423+0000] {taskinstance.py:441} INFO - ::group::Post task execution logs
[2025-10-17T19:36:26.473+0000] {process_utils.py:80} INFO - Process psutil.Process(pid=2838, status='terminated', exitcode=0, started='19:34:13') (2838) terminated with exit code 0
[2025-10-17T19:36:26.475+0000] {process_utils.py:80} INFO - Process psutil.Process(pid=2839, status='terminated', started='19:34:13') (2839) terminated with exit code None
