[2025-10-18T20:49:16.679+0000] {local_task_job_runner.py:120} INFO - ::group::Pre task execution logs
[2025-10-18T20:49:16.820+0000] {taskinstance.py:2076} INFO - Dependencies all met for dep_context=non-requeueable deps ti=<TaskInstance: jobs_jobspy_daily.collect_jobspy manual__2025-10-18T20:49:14.557863+00:00 [queued]>
[2025-10-18T20:49:16.844+0000] {taskinstance.py:2076} INFO - Dependencies all met for dep_context=requeueable deps ti=<TaskInstance: jobs_jobspy_daily.collect_jobspy manual__2025-10-18T20:49:14.557863+00:00 [queued]>
[2025-10-18T20:49:16.846+0000] {taskinstance.py:2306} INFO - Starting attempt 1 of 1
[2025-10-18T20:49:16.879+0000] {taskinstance.py:2330} INFO - Executing <Task(BashOperator): collect_jobspy> on 2025-10-18 20:49:14.557863+00:00
[2025-10-18T20:49:16.893+0000] {logging_mixin.py:188} WARNING - /home/***/.local/lib/python3.12/site-packages/***/task/task_runner/standard_task_runner.py:62 DeprecationWarning: This process (pid=2934) is multi-threaded, use of fork() may lead to deadlocks in the child.
[2025-10-18T20:49:16.891+0000] {standard_task_runner.py:90} INFO - Running: ['***', 'tasks', 'run', 'jobs_jobspy_daily', 'collect_jobspy', 'manual__2025-10-18T20:49:14.557863+00:00', '--job-id', '75', '--raw', '--subdir', 'DAGS_FOLDER/jobs_jobspy_daily.py', '--cfg-path', '/tmp/tmphayygzzv']
[2025-10-18T20:49:16.896+0000] {standard_task_runner.py:64} INFO - Started process 2935 to run task
[2025-10-18T20:49:16.897+0000] {standard_task_runner.py:91} INFO - Job 75: Subtask collect_jobspy
[2025-10-18T20:49:17.027+0000] {task_command.py:426} INFO - Running <TaskInstance: jobs_jobspy_daily.collect_jobspy manual__2025-10-18T20:49:14.557863+00:00 [running]> on host 68cd41389e54
[2025-10-18T20:49:17.288+0000] {taskinstance.py:2648} INFO - Exporting env vars: AIRFLOW_CTX_DAG_OWNER='***' AIRFLOW_CTX_DAG_ID='jobs_jobspy_daily' AIRFLOW_CTX_TASK_ID='collect_jobspy' AIRFLOW_CTX_EXECUTION_DATE='2025-10-18T20:49:14.557863+00:00' AIRFLOW_CTX_TRY_NUMBER='1' AIRFLOW_CTX_DAG_RUN_ID='manual__2025-10-18T20:49:14.557863+00:00'
[2025-10-18T20:49:17.290+0000] {taskinstance.py:430} INFO - ::endgroup::
[2025-10-18T20:49:17.342+0000] {subprocess.py:63} INFO - Tmp dir root location: /tmp
[2025-10-18T20:49:17.348+0000] {subprocess.py:75} INFO - Running command: ['/usr/bin/bash', '-c', "python -u /workspace/scripts/jobspy_collect.py --queries 'Data Engineer,Data Scientist,ML Engineer,DevOps Engineer,Data Analyst' --locations 'France,Remote,Paris,Lyon' --sites indeed --pages 3 --days 30 --outfile jobspy_all_20251018.jsonl"]
[2025-10-18T20:49:17.365+0000] {subprocess.py:86} INFO - Output:
[2025-10-18T20:49:25.598+0000] {subprocess.py:93} INFO - [OK] 150 rows from indeed for Data Engineer @ France
[2025-10-18T20:49:26.854+0000] {subprocess.py:93} INFO - [OK] 26 rows from indeed for Data Engineer @ Remote
[2025-10-18T20:49:32.372+0000] {subprocess.py:93} INFO - [OK] 150 rows from indeed for Data Engineer @ Paris
[2025-10-18T20:49:34.303+0000] {subprocess.py:93} INFO - [OK] 62 rows from indeed for Data Engineer @ Lyon
[2025-10-18T20:49:38.229+0000] {subprocess.py:93} INFO - [OK] 150 rows from indeed for Data Scientist @ France
[2025-10-18T20:49:38.747+0000] {subprocess.py:93} INFO - [OK] 3 rows from indeed for Data Scientist @ Remote
[2025-10-18T20:49:42.747+0000] {subprocess.py:93} INFO - [OK] 150 rows from indeed for Data Scientist @ Paris
[2025-10-18T20:49:43.933+0000] {subprocess.py:93} INFO - [OK] 33 rows from indeed for Data Scientist @ Lyon
[2025-10-18T20:49:48.783+0000] {subprocess.py:93} INFO - [OK] 150 rows from indeed for ML Engineer @ France
[2025-10-18T20:49:49.317+0000] {subprocess.py:93} INFO - [OK] 1 rows from indeed for ML Engineer @ Remote
[2025-10-18T20:49:52.263+0000] {subprocess.py:93} INFO - [OK] 113 rows from indeed for ML Engineer @ Paris
[2025-10-18T20:49:53.170+0000] {subprocess.py:93} INFO - [OK] 11 rows from indeed for ML Engineer @ Lyon
[2025-10-18T20:49:57.478+0000] {subprocess.py:93} INFO - [OK] 150 rows from indeed for DevOps Engineer @ France
[2025-10-18T20:49:58.933+0000] {subprocess.py:93} INFO - [OK] 10 rows from indeed for DevOps Engineer @ Remote
[2025-10-18T20:50:02.961+0000] {subprocess.py:93} INFO - [OK] 150 rows from indeed for DevOps Engineer @ Paris
[2025-10-18T20:50:04.589+0000] {subprocess.py:93} INFO - [OK] 16 rows from indeed for DevOps Engineer @ Lyon
[2025-10-18T20:50:08.467+0000] {subprocess.py:93} INFO - [OK] 150 rows from indeed for Data Analyst @ France
[2025-10-18T20:50:08.962+0000] {subprocess.py:93} INFO - [OK] 2 rows from indeed for Data Analyst @ Remote
[2025-10-18T20:50:13.610+0000] {subprocess.py:93} INFO - [OK] 150 rows from indeed for Data Analyst @ Paris
[2025-10-18T20:50:14.640+0000] {subprocess.py:93} INFO - [OK] 25 rows from indeed for Data Analyst @ Lyon
[2025-10-18T20:50:14.646+0000] {subprocess.py:93} INFO - [DEDUP] 1652 -> 952 unique by job_url
[2025-10-18T20:50:15.236+0000] {subprocess.py:93} INFO - [MERGED] 952 rows -> /workspace/datalake/raw/jobs/jobspy_all_20251018.jsonl
[2025-10-18T20:50:15.555+0000] {subprocess.py:97} INFO - Command exited with return code 0
[2025-10-18T20:50:15.557+0000] {taskinstance.py:441} INFO - ::group::Post task execution logs
[2025-10-18T20:50:15.660+0000] {taskinstance.py:1206} INFO - Marking task as SUCCESS. dag_id=jobs_jobspy_daily, task_id=collect_jobspy, run_id=manual__2025-10-18T20:49:14.557863+00:00, execution_date=20251018T204914, start_date=20251018T204916, end_date=20251018T205015
[2025-10-18T20:50:15.750+0000] {local_task_job_runner.py:243} INFO - Task exited with return code 0
[2025-10-18T20:50:15.868+0000] {taskinstance.py:3503} INFO - 1 downstream tasks scheduled from follow-on schedule check
[2025-10-18T20:50:15.872+0000] {local_task_job_runner.py:222} INFO - ::endgroup::
