[2025-10-18T19:29:20.847+0000] {local_task_job_runner.py:120} INFO - ::group::Pre task execution logs
[2025-10-18T19:29:20.997+0000] {taskinstance.py:2076} INFO - Dependencies all met for dep_context=non-requeueable deps ti=<TaskInstance: jobs_jobspy_daily.collect_jobspy scheduled__2025-10-17T00:00:00+00:00 [queued]>
[2025-10-18T19:29:21.025+0000] {taskinstance.py:2076} INFO - Dependencies all met for dep_context=requeueable deps ti=<TaskInstance: jobs_jobspy_daily.collect_jobspy scheduled__2025-10-17T00:00:00+00:00 [queued]>
[2025-10-18T19:29:21.027+0000] {taskinstance.py:2306} INFO - Starting attempt 1 of 1
[2025-10-18T19:29:21.066+0000] {taskinstance.py:2330} INFO - Executing <Task(BashOperator): collect_jobspy> on 2025-10-17 00:00:00+00:00
[2025-10-18T19:29:21.078+0000] {logging_mixin.py:188} WARNING - /home/***/.local/lib/python3.12/site-packages/***/task/task_runner/standard_task_runner.py:62 DeprecationWarning: This process (pid=167) is multi-threaded, use of fork() may lead to deadlocks in the child.
[2025-10-18T19:29:21.080+0000] {standard_task_runner.py:64} INFO - Started process 170 to run task
[2025-10-18T19:29:21.080+0000] {standard_task_runner.py:90} INFO - Running: ['***', 'tasks', 'run', 'jobs_jobspy_daily', 'collect_jobspy', 'scheduled__2025-10-17T00:00:00+00:00', '--job-id', '58', '--raw', '--subdir', 'DAGS_FOLDER/jobs_jobspy_daily.py', '--cfg-path', '/tmp/tmpgggetyhg']
[2025-10-18T19:29:21.086+0000] {standard_task_runner.py:91} INFO - Job 58: Subtask collect_jobspy
[2025-10-18T19:29:21.267+0000] {task_command.py:426} INFO - Running <TaskInstance: jobs_jobspy_daily.collect_jobspy scheduled__2025-10-17T00:00:00+00:00 [running]> on host 68cd41389e54
[2025-10-18T19:29:21.599+0000] {taskinstance.py:2648} INFO - Exporting env vars: AIRFLOW_CTX_DAG_OWNER='***' AIRFLOW_CTX_DAG_ID='jobs_jobspy_daily' AIRFLOW_CTX_TASK_ID='collect_jobspy' AIRFLOW_CTX_EXECUTION_DATE='2025-10-17T00:00:00+00:00' AIRFLOW_CTX_TRY_NUMBER='1' AIRFLOW_CTX_DAG_RUN_ID='scheduled__2025-10-17T00:00:00+00:00'
[2025-10-18T19:29:21.601+0000] {taskinstance.py:430} INFO - ::endgroup::
[2025-10-18T19:29:21.673+0000] {subprocess.py:63} INFO - Tmp dir root location: /tmp
[2025-10-18T19:29:21.689+0000] {subprocess.py:75} INFO - Running command: ['/usr/bin/bash', '-c', "python /workspace/scripts/jobspy_collect.py --queries 'Data Engineer,Data Scientist,ML Engineer,DevOps Engineer,Backend Developer,Data Analyst' --locations 'France,Remote,Paris,Lyon' --sites indeed,glassdoor,linkedin --pages 2 --days 10 --outfile jobspy_all_{ds_nodash}.jsonl"]
[2025-10-18T19:29:21.706+0000] {subprocess.py:86} INFO - Output:
[2025-10-18T19:32:11.336+0000] {subprocess.py:93} INFO - 2025-10-18 19:32:11,335 - INFO - JobSpy:Linkedin - finished scraping
[2025-10-18T19:48:48.889+0000] {local_task_job_runner.py:313} WARNING - State of this instance has been externally set to failed. Terminating instance.
[2025-10-18T19:48:49.094+0000] {local_task_job_runner.py:222} INFO - ::endgroup::
[2025-10-18T19:48:49.206+0000] {process_utils.py:132} INFO - Sending 15 to group 170. PIDs of all processes in the group: [171, 170]
[2025-10-18T19:48:49.219+0000] {process_utils.py:87} INFO - Sending the signal 15 to group 170
[2025-10-18T19:48:49.267+0000] {taskinstance.py:2611} ERROR - Received SIGTERM. Terminating subprocesses.
[2025-10-18T19:48:49.567+0000] {subprocess.py:104} INFO - Sending SIGTERM signal to process group
[2025-10-18T19:48:49.858+0000] {taskinstance.py:441} INFO - ::group::Post task execution logs
[2025-10-18T19:48:50.797+0000] {process_utils.py:80} INFO - Process psutil.Process(pid=170, status='terminated', exitcode=0, started='19:29:20') (170) terminated with exit code 0
[2025-10-18T19:48:50.808+0000] {process_utils.py:80} INFO - Process psutil.Process(pid=171, status='terminated', started='19:29:21') (171) terminated with exit code None
