[2025-10-17T15:37:36.804+0000] {local_task_job_runner.py:120} INFO - ::group::Pre task execution logs
[2025-10-17T15:37:37.328+0000] {taskinstance.py:2076} INFO - Dependencies all met for dep_context=non-requeueable deps ti=<TaskInstance: jobs_jobspy_daily.collect_jobspy manual__2025-10-17T15:37:32.118612+00:00 [queued]>
[2025-10-17T15:37:37.360+0000] {taskinstance.py:2076} INFO - Dependencies all met for dep_context=requeueable deps ti=<TaskInstance: jobs_jobspy_daily.collect_jobspy manual__2025-10-17T15:37:32.118612+00:00 [queued]>
[2025-10-17T15:37:37.363+0000] {taskinstance.py:2306} INFO - Starting attempt 1 of 1
[2025-10-17T15:37:37.430+0000] {taskinstance.py:2330} INFO - Executing <Task(BashOperator): collect_jobspy> on 2025-10-17 15:37:32.118612+00:00
[2025-10-17T15:37:37.494+0000] {standard_task_runner.py:90} INFO - Running: ['***', 'tasks', 'run', 'jobs_jobspy_daily', 'collect_jobspy', 'manual__2025-10-17T15:37:32.118612+00:00', '--job-id', '29', '--raw', '--subdir', 'DAGS_FOLDER/jobs_jobspy_daily.py', '--cfg-path', '/tmp/tmp7hp7dzmf']
[2025-10-17T15:37:37.492+0000] {logging_mixin.py:188} WARNING - /home/***/.local/lib/python3.12/site-packages/***/task/task_runner/standard_task_runner.py:62 DeprecationWarning: This process (pid=179) is multi-threaded, use of fork() may lead to deadlocks in the child.
[2025-10-17T15:37:37.507+0000] {standard_task_runner.py:91} INFO - Job 29: Subtask collect_jobspy
[2025-10-17T15:37:37.509+0000] {standard_task_runner.py:64} INFO - Started process 180 to run task
[2025-10-17T15:37:37.816+0000] {task_command.py:426} INFO - Running <TaskInstance: jobs_jobspy_daily.collect_jobspy manual__2025-10-17T15:37:32.118612+00:00 [running]> on host 68cd41389e54
[2025-10-17T15:37:38.357+0000] {taskinstance.py:2648} INFO - Exporting env vars: AIRFLOW_CTX_DAG_OWNER='***' AIRFLOW_CTX_DAG_ID='jobs_jobspy_daily' AIRFLOW_CTX_TASK_ID='collect_jobspy' AIRFLOW_CTX_EXECUTION_DATE='2025-10-17T15:37:32.118612+00:00' AIRFLOW_CTX_TRY_NUMBER='1' AIRFLOW_CTX_DAG_RUN_ID='manual__2025-10-17T15:37:32.118612+00:00'
[2025-10-17T15:37:38.360+0000] {taskinstance.py:430} INFO - ::endgroup::
[2025-10-17T15:37:38.471+0000] {subprocess.py:63} INFO - Tmp dir root location: /tmp
[2025-10-17T15:37:38.475+0000] {subprocess.py:75} INFO - Running command: ['/usr/bin/bash', '-c', "python /workspace/scripts/jobspy_collect.py --queries 'Data Engineer,Data Scientist,ML Engineer,DevOps Engineer,Backend Developer' --locations 'France,Remote,Paris' --sites indeed,glassdoor,linkedin --pages 4 --days 21 --max_per_query 1000"]
[2025-10-17T15:37:38.499+0000] {subprocess.py:86} INFO - Output:
[2025-10-17T15:39:19.514+0000] {subprocess.py:93} INFO - 2025-10-17 15:39:19,513 - INFO - JobSpy:Linkedin - finished scraping
[2025-10-17T16:20:54.883+0000] {local_task_job_runner.py:214} ERROR - Heartbeat time limit exceeded!
[2025-10-17T16:20:54.938+0000] {local_task_job_runner.py:222} INFO - ::endgroup::
[2025-10-17T16:20:55.611+0000] {process_utils.py:132} INFO - Sending 15 to group 180. PIDs of all processes in the group: [181, 180]
[2025-10-17T16:20:55.677+0000] {process_utils.py:87} INFO - Sending the signal 15 to group 180
[2025-10-17T16:20:55.700+0000] {taskinstance.py:2611} ERROR - Received SIGTERM. Terminating subprocesses.
[2025-10-17T16:20:55.721+0000] {subprocess.py:104} INFO - Sending SIGTERM signal to process group
[2025-10-17T16:20:55.768+0000] {taskinstance.py:441} INFO - ::group::Post task execution logs
[2025-10-17T16:20:56.007+0000] {taskinstance.py:2905} ERROR - Task failed with exception
Traceback (most recent call last):
  File "/home/airflow/.local/lib/python3.12/site-packages/airflow/models/taskinstance.py", line 465, in _execute_task
    result = _execute_callable(context=context, **execute_callable_kwargs)
             ^^^^^^^^^^^^^^^^^^^^^^^^^^^^^^^^^^^^^^^^^^^^^^^^^^^^^^^^^^^^^
  File "/home/airflow/.local/lib/python3.12/site-packages/airflow/models/taskinstance.py", line 432, in _execute_callable
    return execute_callable(context=context, **execute_callable_kwargs)
           ^^^^^^^^^^^^^^^^^^^^^^^^^^^^^^^^^^^^^^^^^^^^^^^^^^^^^^^^^^^^
  File "/home/airflow/.local/lib/python3.12/site-packages/airflow/models/baseoperator.py", line 401, in wrapper
    return func(self, *args, **kwargs)
           ^^^^^^^^^^^^^^^^^^^^^^^^^^^
  File "/home/airflow/.local/lib/python3.12/site-packages/airflow/operators/bash.py", line 234, in execute
    result = self.subprocess_hook.run_command(
             ^^^^^^^^^^^^^^^^^^^^^^^^^^^^^^^^^
  File "/home/airflow/.local/lib/python3.12/site-packages/airflow/hooks/subprocess.py", line 91, in run_command
    for raw_line in iter(self.sub_process.stdout.readline, b""):
  File "/home/airflow/.local/lib/python3.12/site-packages/airflow/models/taskinstance.py", line 2613, in signal_handler
    raise AirflowTaskTerminated("Task received SIGTERM signal")
airflow.exceptions.AirflowTaskTerminated: Task received SIGTERM signal
[2025-10-17T16:20:56.102+0000] {taskinstance.py:1206} INFO - Marking task as FAILED. dag_id=jobs_jobspy_daily, task_id=collect_jobspy, run_id=manual__2025-10-17T15:37:32.118612+00:00, execution_date=20251017T153732, start_date=20251017T153737, end_date=20251017T162056
[2025-10-17T16:20:56.905+0000] {process_utils.py:80} INFO - Process psutil.Process(pid=181, status='terminated', started='15:37:38') (181) terminated with exit code None
[2025-10-17T16:20:56.941+0000] {process_utils.py:80} INFO - Process psutil.Process(pid=180, status='terminated', exitcode=2, started='15:37:37') (180) terminated with exit code 2
