[2025-10-18T21:08:58.587+0000] {local_task_job_runner.py:120} INFO - ::group::Pre task execution logs
[2025-10-18T21:08:58.709+0000] {taskinstance.py:2076} INFO - Dependencies all met for dep_context=non-requeueable deps ti=<TaskInstance: jobs_jobspy_daily.collect_jobspy manual__2025-10-18T21:08:57.789477+00:00 [queued]>
[2025-10-18T21:08:58.728+0000] {taskinstance.py:2076} INFO - Dependencies all met for dep_context=requeueable deps ti=<TaskInstance: jobs_jobspy_daily.collect_jobspy manual__2025-10-18T21:08:57.789477+00:00 [queued]>
[2025-10-18T21:08:58.730+0000] {taskinstance.py:2306} INFO - Starting attempt 1 of 1
[2025-10-18T21:08:58.758+0000] {taskinstance.py:2330} INFO - Executing <Task(BashOperator): collect_jobspy> on 2025-10-18 21:08:57.789477+00:00
[2025-10-18T21:08:58.774+0000] {logging_mixin.py:188} WARNING - /home/***/.local/lib/python3.12/site-packages/***/task/task_runner/standard_task_runner.py:62 DeprecationWarning: This process (pid=3233) is multi-threaded, use of fork() may lead to deadlocks in the child.
[2025-10-18T21:08:58.769+0000] {standard_task_runner.py:90} INFO - Running: ['***', 'tasks', 'run', 'jobs_jobspy_daily', 'collect_jobspy', 'manual__2025-10-18T21:08:57.789477+00:00', '--job-id', '83', '--raw', '--subdir', 'DAGS_FOLDER/jobs_jobspy_daily.py', '--cfg-path', '/tmp/tmpw6931i6l']
[2025-10-18T21:08:58.777+0000] {standard_task_runner.py:64} INFO - Started process 3234 to run task
[2025-10-18T21:08:58.777+0000] {standard_task_runner.py:91} INFO - Job 83: Subtask collect_jobspy
[2025-10-18T21:08:58.908+0000] {task_command.py:426} INFO - Running <TaskInstance: jobs_jobspy_daily.collect_jobspy manual__2025-10-18T21:08:57.789477+00:00 [running]> on host 68cd41389e54
[2025-10-18T21:08:59.130+0000] {taskinstance.py:2648} INFO - Exporting env vars: AIRFLOW_CTX_DAG_OWNER='***' AIRFLOW_CTX_DAG_ID='jobs_jobspy_daily' AIRFLOW_CTX_TASK_ID='collect_jobspy' AIRFLOW_CTX_EXECUTION_DATE='2025-10-18T21:08:57.789477+00:00' AIRFLOW_CTX_TRY_NUMBER='1' AIRFLOW_CTX_DAG_RUN_ID='manual__2025-10-18T21:08:57.789477+00:00'
[2025-10-18T21:08:59.133+0000] {taskinstance.py:430} INFO - ::endgroup::
[2025-10-18T21:08:59.170+0000] {subprocess.py:63} INFO - Tmp dir root location: /tmp
[2025-10-18T21:08:59.172+0000] {subprocess.py:75} INFO - Running command: ['/usr/bin/bash', '-c', "python -u /workspace/scripts/jobspy_collect.py --queries ' ,engineer,developer,manager,architect,cloud,ai,data,hr,finance,marketing,sales,security,analyst,consultant,full stack,frontend,backend,devops,product,project' --locations 'France,Remote,Paris,Lyon' --countries 'france,canada' --sites indeed --pages 3 --days 1 --append 1 --outfile jobspy_all.jsonl"]
[2025-10-18T21:08:59.186+0000] {subprocess.py:86} INFO - Output:
[2025-10-18T21:09:02.749+0000] {subprocess.py:93} INFO - [INFO] Output file: /workspace/datalake/raw/jobs/jobspy_all.jsonl
[2025-10-18T21:09:06.649+0000] {subprocess.py:93} INFO - [OK] 150 rows for '(all)' @ France (france)
[2025-10-18T21:09:06.963+0000] {subprocess.py:93} INFO - [WARN] 0 rows for '(all)' @ France (canada)
[2025-10-18T21:09:07.556+0000] {subprocess.py:93} INFO - [OK] 6 rows for '(all)' @ Remote (france)
[2025-10-18T21:09:09.590+0000] {subprocess.py:93} INFO - [OK] 34 rows for '(all)' @ Remote (canada)
[2025-10-18T21:09:17.863+0000] {subprocess.py:93} INFO - [OK] 150 rows for '(all)' @ Paris (france)
[2025-10-18T21:09:22.446+0000] {subprocess.py:93} INFO - [OK] 150 rows for '(all)' @ Paris (canada)
[2025-10-18T21:09:27.488+0000] {subprocess.py:93} INFO - [OK] 150 rows for '(all)' @ Lyon (france)
[2025-10-18T21:09:28.117+0000] {subprocess.py:93} INFO - [OK] 1 rows for '(all)' @ Lyon (canada)
[2025-10-18T21:09:28.601+0000] {subprocess.py:93} INFO - [OK] 4 rows for 'engineer' @ France (france)
[2025-10-18T21:09:28.865+0000] {subprocess.py:93} INFO - [WARN] 0 rows for 'engineer' @ France (canada)
[2025-10-18T21:09:29.065+0000] {subprocess.py:93} INFO - [WARN] 0 rows for 'engineer' @ Remote (france)
[2025-10-18T21:09:29.670+0000] {subprocess.py:93} INFO - [OK] 2 rows for 'engineer' @ Remote (canada)
[2025-10-18T21:09:30.085+0000] {subprocess.py:93} INFO - [OK] 1 rows for 'engineer' @ Paris (france)
[2025-10-18T21:09:30.889+0000] {subprocess.py:93} INFO - [OK] 11 rows for 'engineer' @ Paris (canada)
[2025-10-18T21:09:31.400+0000] {subprocess.py:93} INFO - [OK] 2 rows for 'engineer' @ Lyon (france)
[2025-10-18T21:09:31.722+0000] {subprocess.py:93} INFO - [WARN] 0 rows for 'engineer' @ Lyon (canada)
[2025-10-18T21:09:32.575+0000] {subprocess.py:93} INFO - [OK] 16 rows for 'developer' @ France (france)
[2025-10-18T21:09:32.947+0000] {subprocess.py:93} INFO - [WARN] 0 rows for 'developer' @ France (canada)
[2025-10-18T21:09:33.435+0000] {subprocess.py:93} INFO - [WARN] 0 rows for 'developer' @ Remote (france)
[2025-10-18T21:09:35.247+0000] {subprocess.py:93} INFO - [OK] 8 rows for 'developer' @ Remote (canada)
[2025-10-18T21:09:35.980+0000] {subprocess.py:93} INFO - [OK] 6 rows for 'developer' @ Paris (france)
[2025-10-18T21:09:36.960+0000] {subprocess.py:93} INFO - [OK] 12 rows for 'developer' @ Paris (canada)
[2025-10-18T21:09:37.998+0000] {subprocess.py:93} INFO - [OK] 6 rows for 'developer' @ Lyon (france)
[2025-10-18T21:09:38.394+0000] {subprocess.py:93} INFO - [WARN] 0 rows for 'developer' @ Lyon (canada)
[2025-10-18T21:09:42.292+0000] {subprocess.py:93} INFO - [OK] 132 rows for 'manager' @ France (france)
[2025-10-18T21:09:42.592+0000] {subprocess.py:93} INFO - [WARN] 0 rows for 'manager' @ France (canada)
[2025-10-18T21:09:43.584+0000] {subprocess.py:93} INFO - [OK] 3 rows for 'manager' @ Remote (france)
[2025-10-18T21:09:44.991+0000] {subprocess.py:93} INFO - [OK] 16 rows for 'manager' @ Remote (canada)
[2025-10-18T21:09:46.675+0000] {subprocess.py:93} INFO - [OK] 39 rows for 'manager' @ Paris (france)
[2025-10-18T21:09:50.792+0000] {subprocess.py:93} INFO - [OK] 110 rows for 'manager' @ Paris (canada)
[2025-10-18T21:09:51.492+0000] {subprocess.py:93} INFO - [OK] 7 rows for 'manager' @ Lyon (france)
[2025-10-18T21:09:52.200+0000] {subprocess.py:93} INFO - [OK] 1 rows for 'manager' @ Lyon (canada)
[2025-10-18T21:09:54.723+0000] {subprocess.py:93} INFO - [OK] 47 rows for 'architect' @ France (france)
[2025-10-18T21:09:55.028+0000] {subprocess.py:93} INFO - [WARN] 0 rows for 'architect' @ France (canada)
[2025-10-18T21:09:55.401+0000] {subprocess.py:93} INFO - [WARN] 0 rows for 'architect' @ Remote (france)
[2025-10-18T21:09:56.105+0000] {subprocess.py:93} INFO - [OK] 5 rows for 'architect' @ Remote (canada)
[2025-10-18T21:09:56.954+0000] {subprocess.py:93} INFO - [OK] 15 rows for 'architect' @ Paris (france)
[2025-10-18T21:09:57.624+0000] {subprocess.py:93} INFO - [OK] 5 rows for 'architect' @ Paris (canada)
[2025-10-18T21:09:58.313+0000] {subprocess.py:93} INFO - [OK] 12 rows for 'architect' @ Lyon (france)
[2025-10-18T21:09:58.594+0000] {subprocess.py:93} INFO - [WARN] 0 rows for 'architect' @ Lyon (canada)
[2025-10-18T21:10:00.527+0000] {subprocess.py:93} INFO - [OK] 61 rows for 'cloud' @ France (france)
[2025-10-18T21:10:00.856+0000] {subprocess.py:93} INFO - [WARN] 0 rows for 'cloud' @ France (canada)
[2025-10-18T21:10:01.095+0000] {subprocess.py:93} INFO - [WARN] 0 rows for 'cloud' @ Remote (france)
[2025-10-18T21:10:01.969+0000] {subprocess.py:93} INFO - [OK] 10 rows for 'cloud' @ Remote (canada)
[2025-10-18T21:10:02.840+0000] {subprocess.py:93} INFO - [OK] 17 rows for 'cloud' @ Paris (france)
[2025-10-18T21:10:04.059+0000] {subprocess.py:93} INFO - [OK] 7 rows for 'cloud' @ Paris (canada)
[2025-10-18T21:10:05.198+0000] {subprocess.py:93} INFO - [OK] 17 rows for 'cloud' @ Lyon (france)
[2025-10-18T21:10:05.602+0000] {subprocess.py:93} INFO - [WARN] 0 rows for 'cloud' @ Lyon (canada)
[2025-10-18T21:10:07.311+0000] {subprocess.py:93} INFO - [OK] 37 rows for 'ai' @ France (france)
[2025-10-18T21:10:07.841+0000] {subprocess.py:93} INFO - [WARN] 0 rows for 'ai' @ France (canada)
[2025-10-18T21:10:08.290+0000] {subprocess.py:93} INFO - [OK] 1 rows for 'ai' @ Remote (france)
[2025-10-18T21:10:09.573+0000] {subprocess.py:93} INFO - [OK] 8 rows for 'ai' @ Remote (canada)
[2025-10-18T21:10:11.105+0000] {subprocess.py:93} INFO - [OK] 18 rows for 'ai' @ Paris (france)
[2025-10-18T21:10:12.111+0000] {subprocess.py:93} INFO - [OK] 3 rows for 'ai' @ Paris (canada)
[2025-10-18T21:10:13.506+0000] {subprocess.py:93} INFO - [OK] 5 rows for 'ai' @ Lyon (france)
[2025-10-18T21:10:14.188+0000] {subprocess.py:93} INFO - [WARN] 0 rows for 'ai' @ Lyon (canada)
[2025-10-18T21:10:18.864+0000] {subprocess.py:93} INFO - [OK] 23 rows for 'data' @ France (france)
[2025-10-18T21:10:19.538+0000] {subprocess.py:93} INFO - [WARN] 0 rows for 'data' @ France (canada)
[2025-10-18T21:10:20.131+0000] {subprocess.py:93} INFO - [WARN] 0 rows for 'data' @ Remote (france)
[2025-10-18T21:10:21.277+0000] {subprocess.py:93} INFO - [OK] 2 rows for 'data' @ Remote (canada)
[2025-10-18T21:10:23.325+0000] {subprocess.py:93} INFO - [OK] 12 rows for 'data' @ Paris (france)
[2025-10-18T21:10:26.471+0000] {subprocess.py:93} INFO - [OK] 13 rows for 'data' @ Paris (canada)
[2025-10-18T21:10:27.173+0000] {subprocess.py:93} INFO - [OK] 3 rows for 'data' @ Lyon (france)
[2025-10-18T21:10:27.510+0000] {subprocess.py:93} INFO - [WARN] 0 rows for 'data' @ Lyon (canada)
[2025-10-18T21:10:28.381+0000] {subprocess.py:93} INFO - [OK] 15 rows for 'hr' @ France (france)
[2025-10-18T21:10:28.974+0000] {subprocess.py:93} INFO - [WARN] 0 rows for 'hr' @ France (canada)
[2025-10-18T21:10:29.594+0000] {subprocess.py:93} INFO - [WARN] 0 rows for 'hr' @ Remote (france)
[2025-10-18T21:10:30.406+0000] {subprocess.py:93} INFO - [OK] 2 rows for 'hr' @ Remote (canada)
[2025-10-18T21:10:31.292+0000] {subprocess.py:93} INFO - [OK] 5 rows for 'hr' @ Paris (france)
[2025-10-18T21:10:32.316+0000] {subprocess.py:93} INFO - [OK] 14 rows for 'hr' @ Paris (canada)
[2025-10-18T21:10:32.768+0000] {subprocess.py:93} INFO - [OK] 1 rows for 'hr' @ Lyon (france)
[2025-10-18T21:10:33.034+0000] {subprocess.py:93} INFO - [WARN] 0 rows for 'hr' @ Lyon (canada)
[2025-10-18T21:10:37.147+0000] {subprocess.py:93} INFO - [OK] 150 rows for 'finance' @ France (france)
[2025-10-18T21:10:37.457+0000] {subprocess.py:93} INFO - [WARN] 0 rows for 'finance' @ France (canada)
[2025-10-18T21:10:37.657+0000] {subprocess.py:93} INFO - [WARN] 0 rows for 'finance' @ Remote (france)
[2025-10-18T21:10:37.958+0000] {subprocess.py:93} INFO - [WARN] 0 rows for 'finance' @ Remote (canada)
[2025-10-18T21:10:39.684+0000] {subprocess.py:93} INFO - [OK] 46 rows for 'finance' @ Paris (france)
[2025-10-18T21:10:40.467+0000] {subprocess.py:93} INFO - [OK] 11 rows for 'finance' @ Paris (canada)
[2025-10-18T21:10:41.328+0000] {subprocess.py:93} INFO - [OK] 26 rows for 'finance' @ Lyon (france)
[2025-10-18T21:10:41.628+0000] {subprocess.py:93} INFO - [WARN] 0 rows for 'finance' @ Lyon (canada)
[2025-10-18T21:10:44.645+0000] {subprocess.py:93} INFO - [OK] 123 rows for 'marketing' @ France (france)
[2025-10-18T21:10:44.956+0000] {subprocess.py:93} INFO - [WARN] 0 rows for 'marketing' @ France (canada)
[2025-10-18T21:10:45.338+0000] {subprocess.py:93} INFO - [OK] 1 rows for 'marketing' @ Remote (france)
[2025-10-18T21:10:45.965+0000] {subprocess.py:93} INFO - [OK] 4 rows for 'marketing' @ Remote (canada)
[2025-10-18T21:10:47.203+0000] {subprocess.py:93} INFO - [OK] 57 rows for 'marketing' @ Paris (france)
[2025-10-18T21:10:47.970+0000] {subprocess.py:93} INFO - [OK] 11 rows for 'marketing' @ Paris (canada)
[2025-10-18T21:10:49.004+0000] {subprocess.py:93} INFO - [OK] 10 rows for 'marketing' @ Lyon (france)
[2025-10-18T21:10:49.317+0000] {subprocess.py:93} INFO - [WARN] 0 rows for 'marketing' @ Lyon (canada)
[2025-10-18T21:10:52.370+0000] {subprocess.py:93} INFO - [OK] 150 rows for 'sales' @ France (france)
[2025-10-18T21:10:52.632+0000] {subprocess.py:93} INFO - [WARN] 0 rows for 'sales' @ France (canada)
[2025-10-18T21:10:52.837+0000] {subprocess.py:93} INFO - [WARN] 0 rows for 'sales' @ Remote (france)
[2025-10-18T21:10:53.516+0000] {subprocess.py:93} INFO - [OK] 6 rows for 'sales' @ Remote (canada)
[2025-10-18T21:10:56.006+0000] {subprocess.py:93} INFO - [OK] 150 rows for 'sales' @ Paris (france)
[2025-10-18T21:10:57.402+0000] {subprocess.py:93} INFO - [OK] 38 rows for 'sales' @ Paris (canada)
[2025-10-18T21:10:58.629+0000] {subprocess.py:93} INFO - [OK] 46 rows for 'sales' @ Lyon (france)
[2025-10-18T21:10:58.930+0000] {subprocess.py:93} INFO - [WARN] 0 rows for 'sales' @ Lyon (canada)
[2025-10-18T21:11:00.041+0000] {subprocess.py:93} INFO - [OK] 35 rows for 'security' @ France (france)
[2025-10-18T21:11:00.335+0000] {subprocess.py:93} INFO - [WARN] 0 rows for 'security' @ France (canada)
[2025-10-18T21:11:00.577+0000] {subprocess.py:93} INFO - [WARN] 0 rows for 'security' @ Remote (france)
[2025-10-18T21:11:01.166+0000] {subprocess.py:93} INFO - [OK] 1 rows for 'security' @ Remote (canada)
[2025-10-18T21:11:01.744+0000] {subprocess.py:93} INFO - [OK] 12 rows for 'security' @ Paris (france)
[2025-10-18T21:11:02.490+0000] {subprocess.py:93} INFO - [OK] 15 rows for 'security' @ Paris (canada)
[2025-10-18T21:11:02.986+0000] {subprocess.py:93} INFO - [OK] 6 rows for 'security' @ Lyon (france)
[2025-10-18T21:11:03.252+0000] {subprocess.py:93} INFO - [WARN] 0 rows for 'security' @ Lyon (canada)
[2025-10-18T21:11:03.854+0000] {subprocess.py:93} INFO - [OK] 15 rows for 'analyst' @ France (france)
[2025-10-18T21:11:04.163+0000] {subprocess.py:93} INFO - [WARN] 0 rows for 'analyst' @ France (canada)
[2025-10-18T21:11:04.411+0000] {subprocess.py:93} INFO - [WARN] 0 rows for 'analyst' @ Remote (france)
[2025-10-18T21:11:04.983+0000] {subprocess.py:93} INFO - [OK] 3 rows for 'analyst' @ Remote (canada)
[2025-10-18T21:11:05.516+0000] {subprocess.py:93} INFO - [OK] 8 rows for 'analyst' @ Paris (france)
[2025-10-18T21:11:06.235+0000] {subprocess.py:93} INFO - [OK] 9 rows for 'analyst' @ Paris (canada)
[2025-10-18T21:11:06.708+0000] {subprocess.py:93} INFO - [OK] 1 rows for 'analyst' @ Lyon (france)
[2025-10-18T21:11:06.994+0000] {subprocess.py:93} INFO - [WARN] 0 rows for 'analyst' @ Lyon (canada)
[2025-10-18T21:11:08.021+0000] {subprocess.py:93} INFO - [OK] 19 rows for 'consultant' @ France (france)
[2025-10-18T21:11:08.303+0000] {subprocess.py:93} INFO - [WARN] 0 rows for 'consultant' @ France (canada)
[2025-10-18T21:11:08.567+0000] {subprocess.py:93} INFO - [WARN] 0 rows for 'consultant' @ Remote (france)
[2025-10-18T21:11:09.552+0000] {subprocess.py:93} INFO - [OK] 8 rows for 'consultant' @ Remote (canada)
[2025-10-18T21:11:10.412+0000] {subprocess.py:93} INFO - [OK] 14 rows for 'consultant' @ Paris (france)
[2025-10-18T21:11:11.530+0000] {subprocess.py:93} INFO - [OK] 20 rows for 'consultant' @ Paris (canada)
[2025-10-18T21:11:12.010+0000] {subprocess.py:93} INFO - [OK] 2 rows for 'consultant' @ Lyon (france)
[2025-10-18T21:11:12.290+0000] {subprocess.py:93} INFO - [WARN] 0 rows for 'consultant' @ Lyon (canada)
[2025-10-18T21:11:13.390+0000] {subprocess.py:93} INFO - [OK] 11 rows for 'full stack' @ France (france)
[2025-10-18T21:11:13.655+0000] {subprocess.py:93} INFO - [WARN] 0 rows for 'full stack' @ France (canada)
[2025-10-18T21:11:13.902+0000] {subprocess.py:93} INFO - [WARN] 0 rows for 'full stack' @ Remote (france)
[2025-10-18T21:11:14.476+0000] {subprocess.py:93} INFO - [OK] 2 rows for 'full stack' @ Remote (canada)
[2025-10-18T21:11:14.837+0000] {subprocess.py:93} INFO - [OK] 1 rows for 'full stack' @ Paris (france)
[2025-10-18T21:11:15.133+0000] {subprocess.py:93} INFO - [WARN] 0 rows for 'full stack' @ Paris (canada)
[2025-10-18T21:11:15.894+0000] {subprocess.py:93} INFO - [OK] 7 rows for 'full stack' @ Lyon (france)
[2025-10-18T21:11:16.233+0000] {subprocess.py:93} INFO - [WARN] 0 rows for 'full stack' @ Lyon (canada)
[2025-10-18T21:11:17.492+0000] {subprocess.py:93} INFO - [OK] 9 rows for 'frontend' @ France (france)
[2025-10-18T21:11:17.882+0000] {subprocess.py:93} INFO - [WARN] 0 rows for 'frontend' @ France (canada)
[2025-10-18T21:11:18.384+0000] {subprocess.py:93} INFO - [WARN] 0 rows for 'frontend' @ Remote (france)
[2025-10-18T21:11:19.391+0000] {subprocess.py:93} INFO - [OK] 1 rows for 'frontend' @ Remote (canada)
[2025-10-18T21:11:20.448+0000] {subprocess.py:93} INFO - [OK] 2 rows for 'frontend' @ Paris (france)
[2025-10-18T21:11:21.492+0000] {subprocess.py:93} INFO - [WARN] 0 rows for 'frontend' @ Paris (canada)
[2025-10-18T21:11:22.098+0000] {subprocess.py:93} INFO - [OK] 2 rows for 'frontend' @ Lyon (france)
[2025-10-18T21:11:22.671+0000] {subprocess.py:93} INFO - [WARN] 0 rows for 'frontend' @ Lyon (canada)
[2025-10-18T21:11:23.385+0000] {subprocess.py:93} INFO - [OK] 7 rows for 'backend' @ France (france)
[2025-10-18T21:11:23.653+0000] {subprocess.py:93} INFO - [WARN] 0 rows for 'backend' @ France (canada)
[2025-10-18T21:11:23.894+0000] {subprocess.py:93} INFO - [WARN] 0 rows for 'backend' @ Remote (france)
[2025-10-18T21:11:24.638+0000] {subprocess.py:93} INFO - [OK] 4 rows for 'backend' @ Remote (canada)
[2025-10-18T21:11:25.071+0000] {subprocess.py:93} INFO - [OK] 2 rows for 'backend' @ Paris (france)
[2025-10-18T21:11:25.380+0000] {subprocess.py:93} INFO - [WARN] 0 rows for 'backend' @ Paris (canada)
[2025-10-18T21:11:25.815+0000] {subprocess.py:93} INFO - [OK] 2 rows for 'backend' @ Lyon (france)
[2025-10-18T21:11:26.140+0000] {subprocess.py:93} INFO - [WARN] 0 rows for 'backend' @ Lyon (canada)
[2025-10-18T21:11:26.941+0000] {subprocess.py:93} INFO - [OK] 11 rows for 'devops' @ France (france)
[2025-10-18T21:11:27.295+0000] {subprocess.py:93} INFO - [WARN] 0 rows for 'devops' @ France (canada)
[2025-10-18T21:11:27.544+0000] {subprocess.py:93} INFO - [WARN] 0 rows for 'devops' @ Remote (france)
[2025-10-18T21:11:28.364+0000] {subprocess.py:93} INFO - [OK] 1 rows for 'devops' @ Remote (canada)
[2025-10-18T21:11:29.313+0000] {subprocess.py:93} INFO - [OK] 3 rows for 'devops' @ Paris (france)
[2025-10-18T21:11:30.310+0000] {subprocess.py:93} INFO - [OK] 2 rows for 'devops' @ Paris (canada)
[2025-10-18T21:11:31.125+0000] {subprocess.py:93} INFO - [OK] 2 rows for 'devops' @ Lyon (france)
[2025-10-18T21:11:31.466+0000] {subprocess.py:93} INFO - [WARN] 0 rows for 'devops' @ Lyon (canada)
[2025-10-18T21:11:35.614+0000] {subprocess.py:93} INFO - [OK] 89 rows for 'product' @ France (france)
[2025-10-18T21:11:35.938+0000] {subprocess.py:93} INFO - [WARN] 0 rows for 'product' @ France (canada)
[2025-10-18T21:11:36.138+0000] {subprocess.py:93} INFO - [WARN] 0 rows for 'product' @ Remote (france)
[2025-10-18T21:11:37.562+0000] {subprocess.py:93} INFO - [OK] 24 rows for 'product' @ Remote (canada)
[2025-10-18T21:11:38.951+0000] {subprocess.py:93} INFO - [OK] 34 rows for 'product' @ Paris (france)
[2025-10-18T21:11:43.915+0000] {subprocess.py:93} INFO - [OK] 150 rows for 'product' @ Paris (canada)
[2025-10-18T21:11:44.910+0000] {subprocess.py:93} INFO - [OK] 22 rows for 'product' @ Lyon (france)
[2025-10-18T21:11:45.766+0000] {subprocess.py:93} INFO - [OK] 1 rows for 'product' @ Lyon (canada)
[2025-10-18T21:11:47.878+0000] {subprocess.py:93} INFO - [OK] 67 rows for 'project' @ France (france)
[2025-10-18T21:11:48.173+0000] {subprocess.py:93} INFO - [WARN] 0 rows for 'project' @ France (canada)
[2025-10-18T21:11:48.665+0000] {subprocess.py:93} INFO - [OK] 2 rows for 'project' @ Remote (france)
[2025-10-18T21:11:49.811+0000] {subprocess.py:93} INFO - [OK] 26 rows for 'project' @ Remote (canada)
[2025-10-18T21:11:50.869+0000] {subprocess.py:93} INFO - [OK] 31 rows for 'project' @ Paris (france)
[2025-10-18T21:11:54.442+0000] {subprocess.py:93} INFO - [OK] 127 rows for 'project' @ Paris (canada)
[2025-10-18T21:11:55.029+0000] {subprocess.py:93} INFO - [OK] 9 rows for 'project' @ Lyon (france)
[2025-10-18T21:11:55.315+0000] {subprocess.py:93} INFO - [WARN] 0 rows for 'project' @ Lyon (canada)
[2025-10-18T21:11:55.339+0000] {subprocess.py:93} INFO - [BATCH DEDUP] 3023 → 1512 unique
[2025-10-18T21:11:55.398+0000] {subprocess.py:93} INFO - Traceback (most recent call last):
[2025-10-18T21:11:55.398+0000] {subprocess.py:93} INFO -   File "/workspace/scripts/jobspy_collect.py", line 114, in <module>
[2025-10-18T21:11:55.402+0000] {subprocess.py:93} INFO -     main()
[2025-10-18T21:11:55.402+0000] {subprocess.py:93} INFO -   File "/workspace/scripts/jobspy_collect.py", line 100, in main
[2025-10-18T21:11:55.404+0000] {subprocess.py:93} INFO -     _append_jsonl(tmp, new_df)
[2025-10-18T21:11:55.405+0000] {subprocess.py:93} INFO -   File "/workspace/scripts/jobspy_collect.py", line 31, in _append_jsonl
[2025-10-18T21:11:55.407+0000] {subprocess.py:93} INFO -     f.write(json.dumps(rec, ensure_ascii=False) + "\n")
[2025-10-18T21:11:55.407+0000] {subprocess.py:93} INFO -             ^^^^^^^^^^^^^^^^^^^^^^^^^^^^^^^^^^^
[2025-10-18T21:11:55.408+0000] {subprocess.py:93} INFO -   File "/usr/local/lib/python3.12/json/__init__.py", line 238, in dumps
[2025-10-18T21:11:55.408+0000] {subprocess.py:93} INFO -     **kw).encode(obj)
[2025-10-18T21:11:55.408+0000] {subprocess.py:93} INFO -           ^^^^^^^^^^^
[2025-10-18T21:11:55.409+0000] {subprocess.py:93} INFO -   File "/usr/local/lib/python3.12/json/encoder.py", line 200, in encode
[2025-10-18T21:11:55.409+0000] {subprocess.py:93} INFO -     chunks = self.iterencode(o, _one_shot=True)
[2025-10-18T21:11:55.410+0000] {subprocess.py:93} INFO -              ^^^^^^^^^^^^^^^^^^^^^^^^^^^^^^^^^^
[2025-10-18T21:11:55.410+0000] {subprocess.py:93} INFO -   File "/usr/local/lib/python3.12/json/encoder.py", line 258, in iterencode
[2025-10-18T21:11:55.410+0000] {subprocess.py:93} INFO -     return _iterencode(o, 0)
[2025-10-18T21:11:55.411+0000] {subprocess.py:93} INFO -            ^^^^^^^^^^^^^^^^^
[2025-10-18T21:11:55.411+0000] {subprocess.py:93} INFO -   File "/usr/local/lib/python3.12/json/encoder.py", line 180, in default
[2025-10-18T21:11:55.412+0000] {subprocess.py:93} INFO -     raise TypeError(f'Object of type {o.__class__.__name__} '
[2025-10-18T21:11:55.412+0000] {subprocess.py:93} INFO - TypeError: Object of type date is not JSON serializable
[2025-10-18T21:11:55.602+0000] {subprocess.py:97} INFO - Command exited with return code 1
[2025-10-18T21:11:55.606+0000] {taskinstance.py:441} INFO - ::group::Post task execution logs
[2025-10-18T21:11:55.630+0000] {taskinstance.py:2905} ERROR - Task failed with exception
Traceback (most recent call last):
  File "/home/airflow/.local/lib/python3.12/site-packages/airflow/models/taskinstance.py", line 465, in _execute_task
    result = _execute_callable(context=context, **execute_callable_kwargs)
             ^^^^^^^^^^^^^^^^^^^^^^^^^^^^^^^^^^^^^^^^^^^^^^^^^^^^^^^^^^^^^
  File "/home/airflow/.local/lib/python3.12/site-packages/airflow/models/taskinstance.py", line 432, in _execute_callable
    return execute_callable(context=context, **execute_callable_kwargs)
           ^^^^^^^^^^^^^^^^^^^^^^^^^^^^^^^^^^^^^^^^^^^^^^^^^^^^^^^^^^^^
  File "/home/airflow/.local/lib/python3.12/site-packages/airflow/models/baseoperator.py", line 401, in wrapper
    return func(self, *args, **kwargs)
           ^^^^^^^^^^^^^^^^^^^^^^^^^^^
  File "/home/airflow/.local/lib/python3.12/site-packages/airflow/operators/bash.py", line 243, in execute
    raise AirflowException(
airflow.exceptions.AirflowException: Bash command failed. The command returned a non-zero exit code 1.
[2025-10-18T21:11:55.641+0000] {taskinstance.py:1206} INFO - Marking task as FAILED. dag_id=jobs_jobspy_daily, task_id=collect_jobspy, run_id=manual__2025-10-18T21:08:57.789477+00:00, execution_date=20251018T210857, start_date=20251018T210858, end_date=20251018T211155
[2025-10-18T21:11:55.665+0000] {standard_task_runner.py:110} ERROR - Failed to execute job 83 for task collect_jobspy (Bash command failed. The command returned a non-zero exit code 1.; 3234)
[2025-10-18T21:11:55.723+0000] {local_task_job_runner.py:243} INFO - Task exited with return code 1
[2025-10-18T21:11:55.775+0000] {taskinstance.py:3503} INFO - 0 downstream tasks scheduled from follow-on schedule check
[2025-10-18T21:11:55.782+0000] {local_task_job_runner.py:222} INFO - ::endgroup::
