[2025-10-17T18:27:31.024+0000] {local_task_job_runner.py:120} INFO - ::group::Pre task execution logs
[2025-10-17T18:27:31.103+0000] {taskinstance.py:2076} INFO - Dependencies all met for dep_context=non-requeueable deps ti=<TaskInstance: jobs_jobspy_daily.collect_jobspy manual__2025-10-17T18:27:29.626936+00:00 [queued]>
[2025-10-17T18:27:31.128+0000] {taskinstance.py:2076} INFO - Dependencies all met for dep_context=requeueable deps ti=<TaskInstance: jobs_jobspy_daily.collect_jobspy manual__2025-10-17T18:27:29.626936+00:00 [queued]>
[2025-10-17T18:27:31.130+0000] {taskinstance.py:2306} INFO - Starting attempt 1 of 1
[2025-10-17T18:27:31.164+0000] {taskinstance.py:2330} INFO - Executing <Task(BashOperator): collect_jobspy> on 2025-10-17 18:27:29.626936+00:00
[2025-10-17T18:27:31.176+0000] {standard_task_runner.py:90} INFO - Running: ['***', 'tasks', 'run', 'jobs_jobspy_daily', 'collect_jobspy', 'manual__2025-10-17T18:27:29.626936+00:00', '--job-id', '33', '--raw', '--subdir', 'DAGS_FOLDER/jobs_jobspy_daily.py', '--cfg-path', '/tmp/tmp1kx1begz']
[2025-10-17T18:27:31.181+0000] {standard_task_runner.py:91} INFO - Job 33: Subtask collect_jobspy
[2025-10-17T18:27:31.180+0000] {logging_mixin.py:188} WARNING - /home/***/.local/lib/python3.12/site-packages/***/task/task_runner/standard_task_runner.py:62 DeprecationWarning: This process (pid=3317) is multi-threaded, use of fork() may lead to deadlocks in the child.
[2025-10-17T18:27:31.182+0000] {standard_task_runner.py:64} INFO - Started process 3318 to run task
[2025-10-17T18:27:31.348+0000] {task_command.py:426} INFO - Running <TaskInstance: jobs_jobspy_daily.collect_jobspy manual__2025-10-17T18:27:29.626936+00:00 [running]> on host 68cd41389e54
[2025-10-17T18:27:31.640+0000] {taskinstance.py:2648} INFO - Exporting env vars: AIRFLOW_CTX_DAG_OWNER='***' AIRFLOW_CTX_DAG_ID='jobs_jobspy_daily' AIRFLOW_CTX_TASK_ID='collect_jobspy' AIRFLOW_CTX_EXECUTION_DATE='2025-10-17T18:27:29.626936+00:00' AIRFLOW_CTX_TRY_NUMBER='1' AIRFLOW_CTX_DAG_RUN_ID='manual__2025-10-17T18:27:29.626936+00:00'
[2025-10-17T18:27:31.642+0000] {taskinstance.py:430} INFO - ::endgroup::
[2025-10-17T18:27:31.695+0000] {subprocess.py:63} INFO - Tmp dir root location: /tmp
[2025-10-17T18:27:31.698+0000] {subprocess.py:75} INFO - Running command: ['/usr/bin/bash', '-c', "python -u /workspace/scripts/jobspy_collect.py --queries 'Data Engineer,Data Scientist,ML Engineer,DevOps Engineer,Backend Developer' --locations 'France,Remote,Paris' --sites indeed,glassdoor,linkedin --pages 4 --days 21 --max_per_query 1000 --strict 1 --per_site_files 0"]
[2025-10-17T18:27:31.719+0000] {subprocess.py:86} INFO - Output:
[2025-10-17T18:27:35.686+0000] {subprocess.py:97} INFO - Command exited with return code 0
[2025-10-17T18:27:35.690+0000] {taskinstance.py:441} INFO - ::group::Post task execution logs
[2025-10-17T18:27:35.748+0000] {taskinstance.py:1206} INFO - Marking task as SUCCESS. dag_id=jobs_jobspy_daily, task_id=collect_jobspy, run_id=manual__2025-10-17T18:27:29.626936+00:00, execution_date=20251017T182729, start_date=20251017T182731, end_date=20251017T182735
[2025-10-17T18:27:35.782+0000] {local_task_job_runner.py:243} INFO - Task exited with return code 0
[2025-10-17T18:27:35.832+0000] {taskinstance.py:3503} INFO - 1 downstream tasks scheduled from follow-on schedule check
[2025-10-17T18:27:35.835+0000] {local_task_job_runner.py:222} INFO - ::endgroup::
