[2025-10-17T18:27:37.081+0000] {local_task_job_runner.py:120} INFO - ::group::Pre task execution logs
[2025-10-17T18:27:37.126+0000] {taskinstance.py:2076} INFO - Dependencies all met for dep_context=non-requeueable deps ti=<TaskInstance: jobs_jobspy_daily.normalize_jobspy manual__2025-10-17T18:27:29.626936+00:00 [queued]>
[2025-10-17T18:27:37.136+0000] {taskinstance.py:2076} INFO - Dependencies all met for dep_context=requeueable deps ti=<TaskInstance: jobs_jobspy_daily.normalize_jobspy manual__2025-10-17T18:27:29.626936+00:00 [queued]>
[2025-10-17T18:27:37.137+0000] {taskinstance.py:2306} INFO - Starting attempt 1 of 1
[2025-10-17T18:27:37.156+0000] {taskinstance.py:2330} INFO - Executing <Task(BashOperator): normalize_jobspy> on 2025-10-17 18:27:29.626936+00:00
[2025-10-17T18:27:37.164+0000] {logging_mixin.py:188} WARNING - /home/***/.local/lib/python3.12/site-packages/***/task/task_runner/standard_task_runner.py:62 DeprecationWarning: This process (pid=3334) is multi-threaded, use of fork() may lead to deadlocks in the child.
[2025-10-17T18:27:37.165+0000] {standard_task_runner.py:64} INFO - Started process 3335 to run task
[2025-10-17T18:27:37.164+0000] {standard_task_runner.py:90} INFO - Running: ['***', 'tasks', 'run', 'jobs_jobspy_daily', 'normalize_jobspy', 'manual__2025-10-17T18:27:29.626936+00:00', '--job-id', '34', '--raw', '--subdir', 'DAGS_FOLDER/jobs_jobspy_daily.py', '--cfg-path', '/tmp/tmplvif5dgq']
[2025-10-17T18:27:37.167+0000] {standard_task_runner.py:91} INFO - Job 34: Subtask normalize_jobspy
[2025-10-17T18:27:37.239+0000] {task_command.py:426} INFO - Running <TaskInstance: jobs_jobspy_daily.normalize_jobspy manual__2025-10-17T18:27:29.626936+00:00 [running]> on host 68cd41389e54
[2025-10-17T18:27:37.387+0000] {taskinstance.py:2648} INFO - Exporting env vars: AIRFLOW_CTX_DAG_OWNER='***' AIRFLOW_CTX_DAG_ID='jobs_jobspy_daily' AIRFLOW_CTX_TASK_ID='normalize_jobspy' AIRFLOW_CTX_EXECUTION_DATE='2025-10-17T18:27:29.626936+00:00' AIRFLOW_CTX_TRY_NUMBER='1' AIRFLOW_CTX_DAG_RUN_ID='manual__2025-10-17T18:27:29.626936+00:00'
[2025-10-17T18:27:37.389+0000] {taskinstance.py:430} INFO - ::endgroup::
[2025-10-17T18:27:37.412+0000] {subprocess.py:63} INFO - Tmp dir root location: /tmp
[2025-10-17T18:27:37.413+0000] {subprocess.py:75} INFO - Running command: ['/usr/bin/bash', '-c', 'python -u /workspace/scripts/jobspy_normalize_jobs.py']
[2025-10-17T18:27:37.423+0000] {subprocess.py:86} INFO - Output:
[2025-10-17T18:27:38.315+0000] {subprocess.py:93} INFO - Ingested: 0
[2025-10-17T18:27:38.357+0000] {subprocess.py:97} INFO - Command exited with return code 0
[2025-10-17T18:27:38.359+0000] {taskinstance.py:441} INFO - ::group::Post task execution logs
[2025-10-17T18:27:38.416+0000] {taskinstance.py:1206} INFO - Marking task as SUCCESS. dag_id=jobs_jobspy_daily, task_id=normalize_jobspy, run_id=manual__2025-10-17T18:27:29.626936+00:00, execution_date=20251017T182729, start_date=20251017T182737, end_date=20251017T182738
[2025-10-17T18:27:38.465+0000] {local_task_job_runner.py:243} INFO - Task exited with return code 0
[2025-10-17T18:27:38.512+0000] {taskinstance.py:3503} INFO - 1 downstream tasks scheduled from follow-on schedule check
[2025-10-17T18:27:38.515+0000] {local_task_job_runner.py:222} INFO - ::endgroup::
