[2025-10-17T18:45:16.839+0000] {local_task_job_runner.py:120} INFO - ::group::Pre task execution logs
[2025-10-17T18:45:16.908+0000] {taskinstance.py:2076} INFO - Dependencies all met for dep_context=non-requeueable deps ti=<TaskInstance: jobs_jobspy_daily.normalize_jobspy manual__2025-10-17T18:45:12.477673+00:00 [queued]>
[2025-10-17T18:45:16.926+0000] {taskinstance.py:2076} INFO - Dependencies all met for dep_context=requeueable deps ti=<TaskInstance: jobs_jobspy_daily.normalize_jobspy manual__2025-10-17T18:45:12.477673+00:00 [queued]>
[2025-10-17T18:45:16.928+0000] {taskinstance.py:2306} INFO - Starting attempt 1 of 1
[2025-10-17T18:45:16.953+0000] {taskinstance.py:2330} INFO - Executing <Task(BashOperator): normalize_jobspy> on 2025-10-17 18:45:12.477673+00:00
[2025-10-17T18:45:16.965+0000] {logging_mixin.py:188} WARNING - /home/***/.local/lib/python3.12/site-packages/***/task/task_runner/standard_task_runner.py:62 DeprecationWarning: This process (pid=213) is multi-threaded, use of fork() may lead to deadlocks in the child.
[2025-10-17T18:45:16.967+0000] {standard_task_runner.py:64} INFO - Started process 214 to run task
[2025-10-17T18:45:16.965+0000] {standard_task_runner.py:90} INFO - Running: ['***', 'tasks', 'run', 'jobs_jobspy_daily', 'normalize_jobspy', 'manual__2025-10-17T18:45:12.477673+00:00', '--job-id', '45', '--raw', '--subdir', 'DAGS_FOLDER/jobs_jobspy_daily.py', '--cfg-path', '/tmp/tmp12pllwvc']
[2025-10-17T18:45:16.969+0000] {standard_task_runner.py:91} INFO - Job 45: Subtask normalize_jobspy
[2025-10-17T18:45:17.074+0000] {task_command.py:426} INFO - Running <TaskInstance: jobs_jobspy_daily.normalize_jobspy manual__2025-10-17T18:45:12.477673+00:00 [running]> on host 68cd41389e54
[2025-10-17T18:45:17.269+0000] {taskinstance.py:2648} INFO - Exporting env vars: AIRFLOW_CTX_DAG_OWNER='***' AIRFLOW_CTX_DAG_ID='jobs_jobspy_daily' AIRFLOW_CTX_TASK_ID='normalize_jobspy' AIRFLOW_CTX_EXECUTION_DATE='2025-10-17T18:45:12.477673+00:00' AIRFLOW_CTX_TRY_NUMBER='1' AIRFLOW_CTX_DAG_RUN_ID='manual__2025-10-17T18:45:12.477673+00:00'
[2025-10-17T18:45:17.271+0000] {taskinstance.py:430} INFO - ::endgroup::
[2025-10-17T18:45:17.306+0000] {subprocess.py:63} INFO - Tmp dir root location: /tmp
[2025-10-17T18:45:17.312+0000] {subprocess.py:75} INFO - Running command: ['/usr/bin/bash', '-c', 'python -u /workspace/scripts/jobspy_normalize_jobs.py']
[2025-10-17T18:45:17.328+0000] {subprocess.py:86} INFO - Output:
[2025-10-17T18:45:18.235+0000] {subprocess.py:93} INFO - Ingested: 0
[2025-10-17T18:45:18.266+0000] {subprocess.py:97} INFO - Command exited with return code 0
[2025-10-17T18:45:18.268+0000] {taskinstance.py:441} INFO - ::group::Post task execution logs
[2025-10-17T18:45:18.313+0000] {taskinstance.py:1206} INFO - Marking task as SUCCESS. dag_id=jobs_jobspy_daily, task_id=normalize_jobspy, run_id=manual__2025-10-17T18:45:12.477673+00:00, execution_date=20251017T184512, start_date=20251017T184516, end_date=20251017T184518
[2025-10-17T18:45:18.349+0000] {local_task_job_runner.py:243} INFO - Task exited with return code 0
[2025-10-17T18:45:18.384+0000] {taskinstance.py:3503} INFO - 1 downstream tasks scheduled from follow-on schedule check
[2025-10-17T18:45:18.387+0000] {local_task_job_runner.py:222} INFO - ::endgroup::
