[2025-10-18T20:44:55.559+0000] {local_task_job_runner.py:120} INFO - ::group::Pre task execution logs
[2025-10-18T20:44:55.663+0000] {taskinstance.py:2076} INFO - Dependencies all met for dep_context=non-requeueable deps ti=<TaskInstance: jobs_jobspy_daily.collect_jobspy manual__2025-10-18T20:44:53.966960+00:00 [queued]>
[2025-10-18T20:44:55.688+0000] {taskinstance.py:2076} INFO - Dependencies all met for dep_context=requeueable deps ti=<TaskInstance: jobs_jobspy_daily.collect_jobspy manual__2025-10-18T20:44:53.966960+00:00 [queued]>
[2025-10-18T20:44:55.690+0000] {taskinstance.py:2306} INFO - Starting attempt 1 of 1
[2025-10-18T20:44:55.727+0000] {taskinstance.py:2330} INFO - Executing <Task(BashOperator): collect_jobspy> on 2025-10-18 20:44:53.966960+00:00
[2025-10-18T20:44:55.742+0000] {standard_task_runner.py:90} INFO - Running: ['***', 'tasks', 'run', 'jobs_jobspy_daily', 'collect_jobspy', 'manual__2025-10-18T20:44:53.966960+00:00', '--job-id', '72', '--raw', '--subdir', 'DAGS_FOLDER/jobs_jobspy_daily.py', '--cfg-path', '/tmp/tmpyxwpt2g0']
[2025-10-18T20:44:55.745+0000] {logging_mixin.py:188} WARNING - /home/***/.local/lib/python3.12/site-packages/***/task/task_runner/standard_task_runner.py:62 DeprecationWarning: This process (pid=2845) is multi-threaded, use of fork() may lead to deadlocks in the child.
[2025-10-18T20:44:55.747+0000] {standard_task_runner.py:91} INFO - Job 72: Subtask collect_jobspy
[2025-10-18T20:44:55.748+0000] {standard_task_runner.py:64} INFO - Started process 2846 to run task
[2025-10-18T20:44:55.891+0000] {task_command.py:426} INFO - Running <TaskInstance: jobs_jobspy_daily.collect_jobspy manual__2025-10-18T20:44:53.966960+00:00 [running]> on host 68cd41389e54
[2025-10-18T20:44:56.140+0000] {taskinstance.py:2648} INFO - Exporting env vars: AIRFLOW_CTX_DAG_OWNER='***' AIRFLOW_CTX_DAG_ID='jobs_jobspy_daily' AIRFLOW_CTX_TASK_ID='collect_jobspy' AIRFLOW_CTX_EXECUTION_DATE='2025-10-18T20:44:53.966960+00:00' AIRFLOW_CTX_TRY_NUMBER='1' AIRFLOW_CTX_DAG_RUN_ID='manual__2025-10-18T20:44:53.966960+00:00'
[2025-10-18T20:44:56.142+0000] {taskinstance.py:430} INFO - ::endgroup::
[2025-10-18T20:44:56.175+0000] {subprocess.py:63} INFO - Tmp dir root location: /tmp
[2025-10-18T20:44:56.178+0000] {subprocess.py:75} INFO - Running command: ['/usr/bin/bash', '-c', "python -u /workspace/scripts/jobspy_collect.py --queries 'Data Engineer,Data Scientist,ML Engineer,DevOps Engineer,Data Analyst' --locations 'France,Remote,Paris,Lyon' --sites indeed --pages 3 --days 10 --outfile jobspy_all_{ds_nodash}.jsonl"]
[2025-10-18T20:44:56.192+0000] {subprocess.py:86} INFO - Output:
[2025-10-18T20:45:03.985+0000] {subprocess.py:93} INFO - [OK] 150 rows from indeed for Data Engineer @ France
[2025-10-18T20:45:04.853+0000] {subprocess.py:93} INFO - [OK] 14 rows from indeed for Data Engineer @ Remote
[2025-10-18T20:45:09.285+0000] {subprocess.py:93} INFO - [OK] 150 rows from indeed for Data Engineer @ Paris
[2025-10-18T20:45:10.430+0000] {subprocess.py:93} INFO - [OK] 27 rows from indeed for Data Engineer @ Lyon
[2025-10-18T20:45:15.647+0000] {subprocess.py:93} INFO - [OK] 150 rows from indeed for Data Scientist @ France
[2025-10-18T20:45:16.182+0000] {subprocess.py:93} INFO - [OK] 2 rows from indeed for Data Scientist @ Remote
[2025-10-18T20:45:19.918+0000] {subprocess.py:93} INFO - [OK] 145 rows from indeed for Data Scientist @ Paris
[2025-10-18T20:45:20.649+0000] {subprocess.py:93} INFO - [OK] 20 rows from indeed for Data Scientist @ Lyon
[2025-10-18T20:45:23.654+0000] {subprocess.py:93} INFO - [OK] 105 rows from indeed for ML Engineer @ France
[2025-10-18T20:45:24.015+0000] {subprocess.py:93} INFO - [OK] 1 rows from indeed for ML Engineer @ Remote
[2025-10-18T20:45:25.308+0000] {subprocess.py:93} INFO - [OK] 48 rows from indeed for ML Engineer @ Paris
[2025-10-18T20:45:25.775+0000] {subprocess.py:93} INFO - [OK] 2 rows from indeed for ML Engineer @ Lyon
[2025-10-18T20:45:29.015+0000] {subprocess.py:93} INFO - [OK] 120 rows from indeed for DevOps Engineer @ France
[2025-10-18T20:45:29.443+0000] {subprocess.py:93} INFO - [OK] 3 rows from indeed for DevOps Engineer @ Remote
[2025-10-18T20:45:31.375+0000] {subprocess.py:93} INFO - [OK] 72 rows from indeed for DevOps Engineer @ Paris
[2025-10-18T20:45:31.955+0000] {subprocess.py:93} INFO - [OK] 7 rows from indeed for DevOps Engineer @ Lyon
[2025-10-18T20:45:36.186+0000] {subprocess.py:93} INFO - [OK] 150 rows from indeed for Data Analyst @ France
[2025-10-18T20:45:36.438+0000] {subprocess.py:93} INFO - [WARN] no rows from indeed for Data Analyst @ Remote
[2025-10-18T20:45:39.832+0000] {subprocess.py:93} INFO - [OK] 141 rows from indeed for Data Analyst @ Paris
[2025-10-18T20:45:40.573+0000] {subprocess.py:93} INFO - [OK] 16 rows from indeed for Data Analyst @ Lyon
[2025-10-18T20:45:40.580+0000] {subprocess.py:93} INFO - [DEDUP] 1323 -> 698 unique by job_url
[2025-10-18T20:45:40.679+0000] {subprocess.py:93} INFO - [MERGED] 698 rows -> ./ops/datalake/raw/jobs/jobspy_all_{ds_nodash}.jsonl
[2025-10-18T20:45:40.830+0000] {subprocess.py:97} INFO - Command exited with return code 0
[2025-10-18T20:45:40.833+0000] {taskinstance.py:441} INFO - ::group::Post task execution logs
[2025-10-18T20:45:40.875+0000] {taskinstance.py:1206} INFO - Marking task as SUCCESS. dag_id=jobs_jobspy_daily, task_id=collect_jobspy, run_id=manual__2025-10-18T20:44:53.966960+00:00, execution_date=20251018T204453, start_date=20251018T204455, end_date=20251018T204540
[2025-10-18T20:45:40.911+0000] {local_task_job_runner.py:243} INFO - Task exited with return code 0
[2025-10-18T20:45:40.949+0000] {taskinstance.py:3503} INFO - 1 downstream tasks scheduled from follow-on schedule check
[2025-10-18T20:45:40.952+0000] {local_task_job_runner.py:222} INFO - ::endgroup::
