[2025-10-18T19:49:59.685+0000] {local_task_job_runner.py:120} INFO - ::group::Pre task execution logs
[2025-10-18T19:50:00.180+0000] {taskinstance.py:2076} INFO - Dependencies all met for dep_context=non-requeueable deps ti=<TaskInstance: jobs_jobspy_daily.collect_jobspy manual__2025-10-18T19:49:57.144967+00:00 [queued]>
[2025-10-18T19:50:00.211+0000] {taskinstance.py:2076} INFO - Dependencies all met for dep_context=requeueable deps ti=<TaskInstance: jobs_jobspy_daily.collect_jobspy manual__2025-10-18T19:49:57.144967+00:00 [queued]>
[2025-10-18T19:50:00.213+0000] {taskinstance.py:2306} INFO - Starting attempt 1 of 1
[2025-10-18T19:50:00.276+0000] {taskinstance.py:2330} INFO - Executing <Task(BashOperator): collect_jobspy> on 2025-10-18 19:49:57.144967+00:00
[2025-10-18T19:50:00.312+0000] {logging_mixin.py:188} WARNING - /home/***/.local/lib/python3.12/site-packages/***/task/task_runner/standard_task_runner.py:62 DeprecationWarning: This process (pid=1071) is multi-threaded, use of fork() may lead to deadlocks in the child.
[2025-10-18T19:50:00.316+0000] {standard_task_runner.py:64} INFO - Started process 1072 to run task
[2025-10-18T19:50:00.315+0000] {standard_task_runner.py:90} INFO - Running: ['***', 'tasks', 'run', 'jobs_jobspy_daily', 'collect_jobspy', 'manual__2025-10-18T19:49:57.144967+00:00', '--job-id', '59', '--raw', '--subdir', 'DAGS_FOLDER/jobs_jobspy_daily.py', '--cfg-path', '/tmp/tmpkgwr28n0']
[2025-10-18T19:50:00.359+0000] {standard_task_runner.py:91} INFO - Job 59: Subtask collect_jobspy
[2025-10-18T19:50:00.573+0000] {task_command.py:426} INFO - Running <TaskInstance: jobs_jobspy_daily.collect_jobspy manual__2025-10-18T19:49:57.144967+00:00 [running]> on host 68cd41389e54
[2025-10-18T19:50:00.955+0000] {taskinstance.py:2648} INFO - Exporting env vars: AIRFLOW_CTX_DAG_OWNER='***' AIRFLOW_CTX_DAG_ID='jobs_jobspy_daily' AIRFLOW_CTX_TASK_ID='collect_jobspy' AIRFLOW_CTX_EXECUTION_DATE='2025-10-18T19:49:57.144967+00:00' AIRFLOW_CTX_TRY_NUMBER='1' AIRFLOW_CTX_DAG_RUN_ID='manual__2025-10-18T19:49:57.144967+00:00'
[2025-10-18T19:50:00.969+0000] {taskinstance.py:430} INFO - ::endgroup::
[2025-10-18T19:50:01.429+0000] {subprocess.py:63} INFO - Tmp dir root location: /tmp
[2025-10-18T19:50:01.621+0000] {subprocess.py:75} INFO - Running command: ['/usr/bin/bash', '-c', "python /workspace/scripts/jobspy_collect.py --queries 'Data Engineer,Data Scientist,ML Engineer,DevOps Engineer,Backend Developer,Data Analyst' --locations 'France,Remote,Paris,Lyon' --sites indeed,glassdoor,linkedin --pages 1 --days 10 --outfile jobspy_all_{ds_nodash}.jsonl"]
[2025-10-18T19:50:01.657+0000] {subprocess.py:86} INFO - Output:
[2025-10-18T19:51:29.520+0000] {subprocess.py:93} INFO - 2025-10-18 19:51:29,520 - INFO - JobSpy:Linkedin - finished scraping
[2025-10-18T20:18:56.045+0000] {subprocess.py:93} INFO - /workspace/scripts/jobspy_collect.py:72: FutureWarning: The behavior of DataFrame concatenation with empty or all-NA entries is deprecated. In a future version, this will no longer exclude empty or all-NA columns when determining the result dtypes. To retain the old behavior, exclude the relevant entries before the concat operation.
[2025-10-18T20:18:56.065+0000] {subprocess.py:93} INFO -   all_df = pd.concat(parts, ignore_index=True)
[2025-10-18T20:18:57.397+0000] {subprocess.py:93} INFO - [OK] 50 rows from indeed for Data Engineer @ France
[2025-10-18T20:18:57.398+0000] {subprocess.py:93} INFO - [OK] 50 rows from glassdoor for Data Engineer @ France
[2025-10-18T20:18:57.399+0000] {subprocess.py:93} INFO - [OK] 50 rows from linkedin for Data Engineer @ France
[2025-10-18T20:18:57.401+0000] {subprocess.py:93} INFO - [OK] 14 rows from indeed for Data Engineer @ Remote
[2025-10-18T20:18:57.402+0000] {subprocess.py:93} INFO - [OK] 30 rows from glassdoor for Data Engineer @ Remote
[2025-10-18T20:18:57.404+0000] {subprocess.py:93} INFO - [OK] 50 rows from linkedin for Data Engineer @ Remote
[2025-10-18T20:18:57.405+0000] {subprocess.py:93} INFO - [OK] 50 rows from indeed for Data Engineer @ Paris
[2025-10-18T20:18:57.408+0000] {subprocess.py:93} INFO - [OK] 50 rows from glassdoor for Data Engineer @ Paris
[2025-10-18T20:18:57.409+0000] {subprocess.py:93} INFO - [OK] 50 rows from linkedin for Data Engineer @ Paris
[2025-10-18T20:18:57.411+0000] {subprocess.py:93} INFO - [OK] 27 rows from indeed for Data Engineer @ Lyon
[2025-10-18T20:18:57.412+0000] {subprocess.py:93} INFO - [OK] 26 rows from glassdoor for Data Engineer @ Lyon
[2025-10-18T20:18:57.414+0000] {subprocess.py:93} INFO - [OK] 50 rows from linkedin for Data Engineer @ Lyon
[2025-10-18T20:18:57.415+0000] {subprocess.py:93} INFO - [OK] 50 rows from indeed for Data Scientist @ France
[2025-10-18T20:18:57.417+0000] {subprocess.py:93} INFO - [OK] 50 rows from glassdoor for Data Scientist @ France
[2025-10-18T20:18:57.419+0000] {subprocess.py:93} INFO - [OK] 50 rows from linkedin for Data Scientist @ France
[2025-10-18T20:18:57.420+0000] {subprocess.py:93} INFO - [OK] 2 rows from indeed for Data Scientist @ Remote
[2025-10-18T20:18:57.421+0000] {subprocess.py:93} INFO - [OK] 50 rows from glassdoor for Data Scientist @ Remote
[2025-10-18T20:18:57.422+0000] {subprocess.py:93} INFO - [OK] 50 rows from linkedin for Data Scientist @ Remote
[2025-10-18T20:18:57.424+0000] {subprocess.py:93} INFO - [OK] 50 rows from indeed for Data Scientist @ Paris
[2025-10-18T20:18:57.425+0000] {subprocess.py:93} INFO - [OK] 50 rows from glassdoor for Data Scientist @ Paris
[2025-10-18T20:18:57.427+0000] {subprocess.py:93} INFO - [OK] 50 rows from linkedin for Data Scientist @ Paris
[2025-10-18T20:18:57.428+0000] {subprocess.py:93} INFO - [OK] 20 rows from indeed for Data Scientist @ Lyon
[2025-10-18T20:18:57.429+0000] {subprocess.py:93} INFO - [OK] 19 rows from glassdoor for Data Scientist @ Lyon
[2025-10-18T20:18:57.431+0000] {subprocess.py:93} INFO - [OK] 50 rows from linkedin for Data Scientist @ Lyon
[2025-10-18T20:18:57.432+0000] {subprocess.py:93} INFO - [OK] 50 rows from indeed for ML Engineer @ France
[2025-10-18T20:18:57.433+0000] {subprocess.py:93} INFO - [OK] 50 rows from glassdoor for ML Engineer @ France
[2025-10-18T20:18:57.435+0000] {subprocess.py:93} INFO - [OK] 50 rows from linkedin for ML Engineer @ France
[2025-10-18T20:18:57.436+0000] {subprocess.py:93} INFO - [OK] 1 rows from indeed for ML Engineer @ Remote
[2025-10-18T20:18:57.437+0000] {subprocess.py:93} INFO - [OK] 50 rows from glassdoor for ML Engineer @ Remote
[2025-10-18T20:18:57.439+0000] {subprocess.py:93} INFO - [OK] 50 rows from linkedin for ML Engineer @ Remote
[2025-10-18T20:18:57.440+0000] {subprocess.py:93} INFO - [OK] 49 rows from indeed for ML Engineer @ Paris
[2025-10-18T20:18:57.441+0000] {subprocess.py:93} INFO - [OK] 42 rows from glassdoor for ML Engineer @ Paris
[2025-10-18T20:18:57.443+0000] {subprocess.py:93} INFO - [OK] 40 rows from linkedin for ML Engineer @ Paris
[2025-10-18T20:18:57.444+0000] {subprocess.py:93} INFO - [OK] 2 rows from indeed for ML Engineer @ Lyon
[2025-10-18T20:18:57.445+0000] {subprocess.py:93} INFO - [OK] 1 rows from glassdoor for ML Engineer @ Lyon
[2025-10-18T20:18:57.446+0000] {subprocess.py:93} INFO - [OK] 1 rows from linkedin for ML Engineer @ Lyon
[2025-10-18T20:18:57.447+0000] {subprocess.py:93} INFO - [OK] 50 rows from indeed for DevOps Engineer @ France
[2025-10-18T20:18:57.448+0000] {subprocess.py:93} INFO - [OK] 50 rows from glassdoor for DevOps Engineer @ France
[2025-10-18T20:18:57.450+0000] {subprocess.py:93} INFO - [OK] 50 rows from linkedin for DevOps Engineer @ France
[2025-10-18T20:18:57.450+0000] {subprocess.py:93} INFO - [OK] 3 rows from indeed for DevOps Engineer @ Remote
[2025-10-18T20:18:57.451+0000] {subprocess.py:93} INFO - [OK] 50 rows from glassdoor for DevOps Engineer @ Remote
[2025-10-18T20:18:57.452+0000] {subprocess.py:93} INFO - [OK] 50 rows from linkedin for DevOps Engineer @ Remote
[2025-10-18T20:18:57.453+0000] {subprocess.py:93} INFO - [OK] 50 rows from indeed for DevOps Engineer @ Paris
[2025-10-18T20:18:57.455+0000] {subprocess.py:93} INFO - [OK] 50 rows from glassdoor for DevOps Engineer @ Paris
[2025-10-18T20:18:57.456+0000] {subprocess.py:93} INFO - [OK] 50 rows from linkedin for DevOps Engineer @ Paris
[2025-10-18T20:18:57.457+0000] {subprocess.py:93} INFO - [OK] 7 rows from indeed for DevOps Engineer @ Lyon
[2025-10-18T20:18:57.459+0000] {subprocess.py:93} INFO - [OK] 6 rows from glassdoor for DevOps Engineer @ Lyon
[2025-10-18T20:18:57.461+0000] {subprocess.py:93} INFO - [OK] 30 rows from linkedin for DevOps Engineer @ Lyon
[2025-10-18T20:18:57.462+0000] {subprocess.py:93} INFO - [OK] 39 rows from indeed for Backend Developer @ France
[2025-10-18T20:18:57.464+0000] {subprocess.py:93} INFO - [OK] 38 rows from glassdoor for Backend Developer @ France
[2025-10-18T20:18:57.465+0000] {subprocess.py:93} INFO - [OK] 50 rows from linkedin for Backend Developer @ France
[2025-10-18T20:18:57.466+0000] {subprocess.py:93} INFO - [OK] 1 rows from indeed for Backend Developer @ Remote
[2025-10-18T20:18:57.467+0000] {subprocess.py:93} INFO - [OK] 50 rows from glassdoor for Backend Developer @ Remote
[2025-10-18T20:18:57.468+0000] {subprocess.py:93} INFO - [OK] 50 rows from linkedin for Backend Developer @ Remote
[2025-10-18T20:18:57.469+0000] {subprocess.py:93} INFO - [OK] 23 rows from indeed for Backend Developer @ Paris
[2025-10-18T20:18:57.470+0000] {subprocess.py:93} INFO - [OK] 23 rows from glassdoor for Backend Developer @ Paris
[2025-10-18T20:18:57.473+0000] {subprocess.py:93} INFO - [OK] 50 rows from linkedin for Backend Developer @ Paris
[2025-10-18T20:18:57.475+0000] {subprocess.py:93} INFO - [OK] 1 rows from indeed for Backend Developer @ Lyon
[2025-10-18T20:18:57.476+0000] {subprocess.py:93} INFO - [OK] 1 rows from glassdoor for Backend Developer @ Lyon
[2025-10-18T20:18:57.477+0000] {subprocess.py:93} INFO - [OK] 40 rows from linkedin for Backend Developer @ Lyon
[2025-10-18T20:18:57.478+0000] {subprocess.py:93} INFO - [OK] 50 rows from indeed for Data Analyst @ France
[2025-10-18T20:18:57.479+0000] {subprocess.py:93} INFO - [OK] 50 rows from glassdoor for Data Analyst @ France
[2025-10-18T20:18:57.480+0000] {subprocess.py:93} INFO - [OK] 50 rows from linkedin for Data Analyst @ France
[2025-10-18T20:18:57.480+0000] {subprocess.py:93} INFO - [WARN] no rows from indeed for Data Analyst @ Remote
[2025-10-18T20:18:57.481+0000] {subprocess.py:93} INFO - [OK] 50 rows from glassdoor for Data Analyst @ Remote
[2025-10-18T20:18:57.482+0000] {subprocess.py:93} INFO - [OK] 50 rows from linkedin for Data Analyst @ Remote
[2025-10-18T20:18:57.482+0000] {subprocess.py:93} INFO - [OK] 50 rows from indeed for Data Analyst @ Paris
[2025-10-18T20:18:57.484+0000] {subprocess.py:93} INFO - [OK] 50 rows from glassdoor for Data Analyst @ Paris
[2025-10-18T20:18:57.485+0000] {subprocess.py:93} INFO - [OK] 50 rows from linkedin for Data Analyst @ Paris
[2025-10-18T20:18:57.486+0000] {subprocess.py:93} INFO - [OK] 16 rows from indeed for Data Analyst @ Lyon
[2025-10-18T20:18:57.486+0000] {subprocess.py:93} INFO - [OK] 16 rows from glassdoor for Data Analyst @ Lyon
[2025-10-18T20:18:57.487+0000] {subprocess.py:93} INFO - [OK] 50 rows from linkedin for Data Analyst @ Lyon
[2025-10-18T20:18:57.488+0000] {subprocess.py:93} INFO - [DEDUP] 2668 -> 1924 unique by job_url
[2025-10-18T20:18:57.490+0000] {subprocess.py:93} INFO - [MERGED] 1924 rows -> /workspace/datalake/raw/jobs/jobspy_all_{ds_nodash}.jsonl
[2025-10-18T20:18:57.996+0000] {subprocess.py:97} INFO - Command exited with return code 0
[2025-10-18T20:18:58.012+0000] {taskinstance.py:441} INFO - ::group::Post task execution logs
[2025-10-18T20:18:58.240+0000] {taskinstance.py:1206} INFO - Marking task as SUCCESS. dag_id=jobs_jobspy_daily, task_id=collect_jobspy, run_id=manual__2025-10-18T19:49:57.144967+00:00, execution_date=20251018T194957, start_date=20251018T195000, end_date=20251018T201858
[2025-10-18T20:18:58.473+0000] {local_task_job_runner.py:243} INFO - Task exited with return code 0
[2025-10-18T20:18:58.790+0000] {taskinstance.py:3503} INFO - 1 downstream tasks scheduled from follow-on schedule check
[2025-10-18T20:18:58.794+0000] {local_task_job_runner.py:222} INFO - ::endgroup::
