[2025-10-18T20:35:33.672+0000] {local_task_job_runner.py:120} INFO - ::group::Pre task execution logs
[2025-10-18T20:35:33.767+0000] {taskinstance.py:2076} INFO - Dependencies all met for dep_context=non-requeueable deps ti=<TaskInstance: jobs_jobspy_daily.normalize_jobspy manual__2025-10-18T20:34:33.121718+00:00 [queued]>
[2025-10-18T20:35:33.784+0000] {taskinstance.py:2076} INFO - Dependencies all met for dep_context=requeueable deps ti=<TaskInstance: jobs_jobspy_daily.normalize_jobspy manual__2025-10-18T20:34:33.121718+00:00 [queued]>
[2025-10-18T20:35:33.785+0000] {taskinstance.py:2306} INFO - Starting attempt 1 of 1
[2025-10-18T20:35:33.813+0000] {taskinstance.py:2330} INFO - Executing <Task(BashOperator): normalize_jobspy> on 2025-10-18 20:34:33.121718+00:00
[2025-10-18T20:35:33.826+0000] {logging_mixin.py:188} WARNING - /home/***/.local/lib/python3.12/site-packages/***/task/task_runner/standard_task_runner.py:62 DeprecationWarning: This process (pid=2655) is multi-threaded, use of fork() may lead to deadlocks in the child.
[2025-10-18T20:35:33.825+0000] {standard_task_runner.py:90} INFO - Running: ['***', 'tasks', 'run', 'jobs_jobspy_daily', 'normalize_jobspy', 'manual__2025-10-18T20:34:33.121718+00:00', '--job-id', '64', '--raw', '--subdir', 'DAGS_FOLDER/jobs_jobspy_daily.py', '--cfg-path', '/tmp/tmpk2nyx_uv']
[2025-10-18T20:35:33.829+0000] {standard_task_runner.py:64} INFO - Started process 2656 to run task
[2025-10-18T20:35:33.829+0000] {standard_task_runner.py:91} INFO - Job 64: Subtask normalize_jobspy
[2025-10-18T20:35:33.913+0000] {task_command.py:426} INFO - Running <TaskInstance: jobs_jobspy_daily.normalize_jobspy manual__2025-10-18T20:34:33.121718+00:00 [running]> on host 68cd41389e54
[2025-10-18T20:35:34.124+0000] {taskinstance.py:2648} INFO - Exporting env vars: AIRFLOW_CTX_DAG_OWNER='***' AIRFLOW_CTX_DAG_ID='jobs_jobspy_daily' AIRFLOW_CTX_TASK_ID='normalize_jobspy' AIRFLOW_CTX_EXECUTION_DATE='2025-10-18T20:34:33.121718+00:00' AIRFLOW_CTX_TRY_NUMBER='1' AIRFLOW_CTX_DAG_RUN_ID='manual__2025-10-18T20:34:33.121718+00:00'
[2025-10-18T20:35:34.129+0000] {taskinstance.py:430} INFO - ::endgroup::
[2025-10-18T20:35:34.185+0000] {subprocess.py:63} INFO - Tmp dir root location: /tmp
[2025-10-18T20:35:34.190+0000] {subprocess.py:75} INFO - Running command: ['/usr/bin/bash', '-c', 'python -u /workspace/scripts/jobspy_normalize_jobs.py']
[2025-10-18T20:35:34.208+0000] {subprocess.py:86} INFO - Output:
[2025-10-18T20:35:35.327+0000] {subprocess.py:93} INFO - Ingested: 0
[2025-10-18T20:35:35.362+0000] {subprocess.py:97} INFO - Command exited with return code 0
[2025-10-18T20:35:35.364+0000] {taskinstance.py:441} INFO - ::group::Post task execution logs
[2025-10-18T20:35:35.415+0000] {taskinstance.py:1206} INFO - Marking task as SUCCESS. dag_id=jobs_jobspy_daily, task_id=normalize_jobspy, run_id=manual__2025-10-18T20:34:33.121718+00:00, execution_date=20251018T203433, start_date=20251018T203533, end_date=20251018T203535
[2025-10-18T20:35:35.449+0000] {local_task_job_runner.py:243} INFO - Task exited with return code 0
[2025-10-18T20:35:35.488+0000] {taskinstance.py:3503} INFO - 1 downstream tasks scheduled from follow-on schedule check
[2025-10-18T20:35:35.491+0000] {local_task_job_runner.py:222} INFO - ::endgroup::
