[2025-10-17T14:05:54.078+0000] {local_task_job_runner.py:120} INFO - ::group::Pre task execution logs
[2025-10-17T14:05:54.266+0000] {taskinstance.py:2076} INFO - Dependencies all met for dep_context=non-requeueable deps ti=<TaskInstance: jobs_jobspy_daily.normalize_jobspy manual__2025-10-17T14:04:31.567642+00:00 [queued]>
[2025-10-17T14:05:54.290+0000] {taskinstance.py:2076} INFO - Dependencies all met for dep_context=requeueable deps ti=<TaskInstance: jobs_jobspy_daily.normalize_jobspy manual__2025-10-17T14:04:31.567642+00:00 [queued]>
[2025-10-17T14:05:54.292+0000] {taskinstance.py:2306} INFO - Starting attempt 1 of 1
[2025-10-17T14:05:54.338+0000] {taskinstance.py:2330} INFO - Executing <Task(BashOperator): normalize_jobspy> on 2025-10-17 14:04:31.567642+00:00
[2025-10-17T14:05:54.353+0000] {logging_mixin.py:188} WARNING - /home/***/.local/lib/python3.12/site-packages/***/task/task_runner/standard_task_runner.py:62 DeprecationWarning: This process (pid=345) is multi-threaded, use of fork() may lead to deadlocks in the child.
[2025-10-17T14:05:54.356+0000] {standard_task_runner.py:64} INFO - Started process 346 to run task
[2025-10-17T14:05:54.352+0000] {standard_task_runner.py:90} INFO - Running: ['***', 'tasks', 'run', 'jobs_jobspy_daily', 'normalize_jobspy', 'manual__2025-10-17T14:04:31.567642+00:00', '--job-id', '19', '--raw', '--subdir', 'DAGS_FOLDER/jobs_jobspy_daily.py', '--cfg-path', '/tmp/tmpc_mjfdqg']
[2025-10-17T14:05:54.358+0000] {standard_task_runner.py:91} INFO - Job 19: Subtask normalize_jobspy
[2025-10-17T14:05:54.470+0000] {task_command.py:426} INFO - Running <TaskInstance: jobs_jobspy_daily.normalize_jobspy manual__2025-10-17T14:04:31.567642+00:00 [running]> on host 85aa96716886
[2025-10-17T14:05:54.731+0000] {taskinstance.py:2648} INFO - Exporting env vars: AIRFLOW_CTX_DAG_OWNER='***' AIRFLOW_CTX_DAG_ID='jobs_jobspy_daily' AIRFLOW_CTX_TASK_ID='normalize_jobspy' AIRFLOW_CTX_EXECUTION_DATE='2025-10-17T14:04:31.567642+00:00' AIRFLOW_CTX_TRY_NUMBER='1' AIRFLOW_CTX_DAG_RUN_ID='manual__2025-10-17T14:04:31.567642+00:00'
[2025-10-17T14:05:54.732+0000] {taskinstance.py:430} INFO - ::endgroup::
[2025-10-17T14:05:54.768+0000] {subprocess.py:63} INFO - Tmp dir root location: /tmp
[2025-10-17T14:05:54.771+0000] {subprocess.py:75} INFO - Running command: ['/usr/bin/bash', '-c', 'python /workspace/scripts/jobspy_normalize_jobs.py']
[2025-10-17T14:05:54.786+0000] {subprocess.py:86} INFO - Output:
[2025-10-17T14:05:55.951+0000] {subprocess.py:93} INFO - Ingested: 0
[2025-10-17T14:05:55.987+0000] {subprocess.py:97} INFO - Command exited with return code 0
[2025-10-17T14:05:55.990+0000] {taskinstance.py:441} INFO - ::group::Post task execution logs
[2025-10-17T14:05:56.054+0000] {taskinstance.py:1206} INFO - Marking task as SUCCESS. dag_id=jobs_jobspy_daily, task_id=normalize_jobspy, run_id=manual__2025-10-17T14:04:31.567642+00:00, execution_date=20251017T140431, start_date=20251017T140554, end_date=20251017T140556
[2025-10-17T14:05:56.105+0000] {local_task_job_runner.py:243} INFO - Task exited with return code 0
[2025-10-17T14:05:56.151+0000] {taskinstance.py:3503} INFO - 1 downstream tasks scheduled from follow-on schedule check
[2025-10-17T14:05:56.154+0000] {local_task_job_runner.py:222} INFO - ::endgroup::
