[2025-10-17T15:06:29.067+0000] {local_task_job_runner.py:120} INFO - ::group::Pre task execution logs
[2025-10-17T15:06:29.686+0000] {taskinstance.py:2076} INFO - Dependencies all met for dep_context=non-requeueable deps ti=<TaskInstance: jobs_jobspy_daily.collect_jobspy manual__2025-10-17T15:06:15.515897+00:00 [queued]>
[2025-10-17T15:06:29.757+0000] {taskinstance.py:2076} INFO - Dependencies all met for dep_context=requeueable deps ti=<TaskInstance: jobs_jobspy_daily.collect_jobspy manual__2025-10-17T15:06:15.515897+00:00 [queued]>
[2025-10-17T15:06:29.759+0000] {taskinstance.py:2306} INFO - Starting attempt 1 of 1
[2025-10-17T15:06:29.857+0000] {taskinstance.py:2330} INFO - Executing <Task(BashOperator): collect_jobspy> on 2025-10-17 15:06:15.515897+00:00
[2025-10-17T15:06:29.939+0000] {logging_mixin.py:188} WARNING - /home/***/.local/lib/python3.12/site-packages/***/task/task_runner/standard_task_runner.py:62 DeprecationWarning: This process (pid=256) is multi-threaded, use of fork() may lead to deadlocks in the child.
[2025-10-17T15:06:29.950+0000] {standard_task_runner.py:64} INFO - Started process 259 to run task
[2025-10-17T15:06:29.934+0000] {standard_task_runner.py:90} INFO - Running: ['***', 'tasks', 'run', 'jobs_jobspy_daily', 'collect_jobspy', 'manual__2025-10-17T15:06:15.515897+00:00', '--job-id', '23', '--raw', '--subdir', 'DAGS_FOLDER/jobs_jobspy_daily.py', '--cfg-path', '/tmp/tmpu6qnm06a']
[2025-10-17T15:06:29.963+0000] {standard_task_runner.py:91} INFO - Job 23: Subtask collect_jobspy
[2025-10-17T15:06:30.889+0000] {task_command.py:426} INFO - Running <TaskInstance: jobs_jobspy_daily.collect_jobspy manual__2025-10-17T15:06:15.515897+00:00 [running]> on host dc4bae8c2021
[2025-10-17T15:06:32.196+0000] {taskinstance.py:2648} INFO - Exporting env vars: AIRFLOW_CTX_DAG_OWNER='***' AIRFLOW_CTX_DAG_ID='jobs_jobspy_daily' AIRFLOW_CTX_TASK_ID='collect_jobspy' AIRFLOW_CTX_EXECUTION_DATE='2025-10-17T15:06:15.515897+00:00' AIRFLOW_CTX_TRY_NUMBER='1' AIRFLOW_CTX_DAG_RUN_ID='manual__2025-10-17T15:06:15.515897+00:00'
[2025-10-17T15:06:32.200+0000] {taskinstance.py:430} INFO - ::endgroup::
[2025-10-17T15:06:32.434+0000] {subprocess.py:63} INFO - Tmp dir root location: /tmp
[2025-10-17T15:06:32.444+0000] {subprocess.py:75} INFO - Running command: ['/usr/bin/bash', '-c', "python /workspace/scripts/jobspy_collect.py --query 'Data Engineer' --location 'France' --sites indeed,glassdoor,linkedin --pages 2 --days 7"]
[2025-10-17T15:06:32.489+0000] {subprocess.py:86} INFO - Output:
[2025-10-17T15:07:37.446+0000] {subprocess.py:93} INFO - 2025-10-17 15:07:37,445 - INFO - JobSpy:Linkedin - finished scraping
[2025-10-17T15:07:39.838+0000] {subprocess.py:93} INFO - Wrote 300 rows to /workspace/datalake/raw/jobs/jobspy_Data_Engineer_France.jsonl
[2025-10-17T15:07:40.168+0000] {subprocess.py:97} INFO - Command exited with return code 0
[2025-10-17T15:07:40.178+0000] {taskinstance.py:441} INFO - ::group::Post task execution logs
[2025-10-17T15:07:40.288+0000] {taskinstance.py:1206} INFO - Marking task as SUCCESS. dag_id=jobs_jobspy_daily, task_id=collect_jobspy, run_id=manual__2025-10-17T15:06:15.515897+00:00, execution_date=20251017T150615, start_date=20251017T150629, end_date=20251017T150740
[2025-10-17T15:07:40.391+0000] {local_task_job_runner.py:243} INFO - Task exited with return code 0
[2025-10-17T15:07:40.436+0000] {local_task_job_runner.py:222} INFO - ::endgroup::
