[2025-10-18T20:42:35.500+0000] {local_task_job_runner.py:120} INFO - ::group::Pre task execution logs
[2025-10-18T20:42:35.642+0000] {taskinstance.py:2076} INFO - Dependencies all met for dep_context=non-requeueable deps ti=<TaskInstance: jobs_jobspy_daily.collect_jobspy manual__2025-10-18T20:42:33.840660+00:00 [queued]>
[2025-10-18T20:42:35.675+0000] {taskinstance.py:2076} INFO - Dependencies all met for dep_context=requeueable deps ti=<TaskInstance: jobs_jobspy_daily.collect_jobspy manual__2025-10-18T20:42:33.840660+00:00 [queued]>
[2025-10-18T20:42:35.677+0000] {taskinstance.py:2306} INFO - Starting attempt 1 of 1
[2025-10-18T20:42:35.727+0000] {taskinstance.py:2330} INFO - Executing <Task(BashOperator): collect_jobspy> on 2025-10-18 20:42:33.840660+00:00
[2025-10-18T20:42:35.751+0000] {logging_mixin.py:188} WARNING - /home/***/.local/lib/python3.12/site-packages/***/task/task_runner/standard_task_runner.py:62 DeprecationWarning: This process (pid=2776) is multi-threaded, use of fork() may lead to deadlocks in the child.
[2025-10-18T20:42:35.760+0000] {standard_task_runner.py:64} INFO - Started process 2777 to run task
[2025-10-18T20:42:35.751+0000] {standard_task_runner.py:90} INFO - Running: ['***', 'tasks', 'run', 'jobs_jobspy_daily', 'collect_jobspy', 'manual__2025-10-18T20:42:33.840660+00:00', '--job-id', '69', '--raw', '--subdir', 'DAGS_FOLDER/jobs_jobspy_daily.py', '--cfg-path', '/tmp/tmp7dv0ddcg']
[2025-10-18T20:42:35.765+0000] {standard_task_runner.py:91} INFO - Job 69: Subtask collect_jobspy
[2025-10-18T20:42:36.169+0000] {task_command.py:426} INFO - Running <TaskInstance: jobs_jobspy_daily.collect_jobspy manual__2025-10-18T20:42:33.840660+00:00 [running]> on host 68cd41389e54
[2025-10-18T20:42:36.541+0000] {taskinstance.py:2648} INFO - Exporting env vars: AIRFLOW_CTX_DAG_OWNER='***' AIRFLOW_CTX_DAG_ID='jobs_jobspy_daily' AIRFLOW_CTX_TASK_ID='collect_jobspy' AIRFLOW_CTX_EXECUTION_DATE='2025-10-18T20:42:33.840660+00:00' AIRFLOW_CTX_TRY_NUMBER='1' AIRFLOW_CTX_DAG_RUN_ID='manual__2025-10-18T20:42:33.840660+00:00'
[2025-10-18T20:42:36.542+0000] {taskinstance.py:430} INFO - ::endgroup::
[2025-10-18T20:42:36.580+0000] {subprocess.py:63} INFO - Tmp dir root location: /tmp
[2025-10-18T20:42:36.585+0000] {subprocess.py:75} INFO - Running command: ['/usr/bin/bash', '-c', "python -u /workspace/scripts/jobspy_collect.py --queries 'Data Engineer,Data Scientist,ML Engineer,DevOps Engineer,Data Analyst' --locations 'France,Remote,Paris,Lyon' --sites indeed --pages 3 --days 10 --outfile jobspy_all_{ds_nodash}.jsonl"]
[2025-10-18T20:42:36.600+0000] {subprocess.py:86} INFO - Output:
[2025-10-18T20:42:44.909+0000] {subprocess.py:93} INFO - [OK] 150 rows from indeed for Data Engineer @ France
[2025-10-18T20:42:45.664+0000] {subprocess.py:93} INFO - [OK] 14 rows from indeed for Data Engineer @ Remote
[2025-10-18T20:42:50.342+0000] {subprocess.py:93} INFO - [OK] 150 rows from indeed for Data Engineer @ Paris
[2025-10-18T20:42:51.753+0000] {subprocess.py:93} INFO - [OK] 27 rows from indeed for Data Engineer @ Lyon
[2025-10-18T20:42:56.413+0000] {subprocess.py:93} INFO - [OK] 150 rows from indeed for Data Scientist @ France
[2025-10-18T20:42:56.913+0000] {subprocess.py:93} INFO - [OK] 2 rows from indeed for Data Scientist @ Remote
[2025-10-18T20:43:00.337+0000] {subprocess.py:93} INFO - [OK] 145 rows from indeed for Data Scientist @ Paris
[2025-10-18T20:43:01.049+0000] {subprocess.py:93} INFO - [OK] 20 rows from indeed for Data Scientist @ Lyon
[2025-10-18T20:43:03.978+0000] {subprocess.py:93} INFO - [OK] 105 rows from indeed for ML Engineer @ France
[2025-10-18T20:43:04.429+0000] {subprocess.py:93} INFO - [OK] 1 rows from indeed for ML Engineer @ Remote
[2025-10-18T20:43:05.681+0000] {subprocess.py:93} INFO - [OK] 48 rows from indeed for ML Engineer @ Paris
[2025-10-18T20:43:06.076+0000] {subprocess.py:93} INFO - [OK] 2 rows from indeed for ML Engineer @ Lyon
[2025-10-18T20:43:09.785+0000] {subprocess.py:93} INFO - [OK] 120 rows from indeed for DevOps Engineer @ France
[2025-10-18T20:43:10.208+0000] {subprocess.py:93} INFO - [OK] 3 rows from indeed for DevOps Engineer @ Remote
[2025-10-18T20:43:12.157+0000] {subprocess.py:93} INFO - [OK] 72 rows from indeed for DevOps Engineer @ Paris
[2025-10-18T20:43:12.788+0000] {subprocess.py:93} INFO - [OK] 7 rows from indeed for DevOps Engineer @ Lyon
[2025-10-18T20:43:17.677+0000] {subprocess.py:93} INFO - [OK] 150 rows from indeed for Data Analyst @ France
[2025-10-18T20:43:17.977+0000] {subprocess.py:93} INFO - [WARN] no rows from indeed for Data Analyst @ Remote
[2025-10-18T20:43:21.864+0000] {subprocess.py:93} INFO - [OK] 141 rows from indeed for Data Analyst @ Paris
[2025-10-18T20:43:22.661+0000] {subprocess.py:93} INFO - [OK] 16 rows from indeed for Data Analyst @ Lyon
[2025-10-18T20:43:22.667+0000] {subprocess.py:93} INFO - [DEDUP] 1323 -> 698 unique by job_url
[2025-10-18T20:43:22.840+0000] {subprocess.py:93} INFO - [MERGED] 698 rows -> ./ops/datalake/raw/jobs/jobspy_all_{ds_nodash}.jsonl
[2025-10-18T20:43:23.065+0000] {subprocess.py:97} INFO - Command exited with return code 0
[2025-10-18T20:43:23.069+0000] {taskinstance.py:441} INFO - ::group::Post task execution logs
[2025-10-18T20:43:23.137+0000] {taskinstance.py:1206} INFO - Marking task as SUCCESS. dag_id=jobs_jobspy_daily, task_id=collect_jobspy, run_id=manual__2025-10-18T20:42:33.840660+00:00, execution_date=20251018T204233, start_date=20251018T204235, end_date=20251018T204323
[2025-10-18T20:43:23.188+0000] {local_task_job_runner.py:243} INFO - Task exited with return code 0
[2025-10-18T20:43:23.246+0000] {taskinstance.py:3503} INFO - 1 downstream tasks scheduled from follow-on schedule check
[2025-10-18T20:43:23.249+0000] {local_task_job_runner.py:222} INFO - ::endgroup::
