[2025-10-17T19:31:39.295+0000] {local_task_job_runner.py:120} INFO - ::group::Pre task execution logs
[2025-10-17T19:31:39.579+0000] {taskinstance.py:2076} INFO - Dependencies all met for dep_context=non-requeueable deps ti=<TaskInstance: jobs_jobspy_daily.collect_jobspy manual__2025-10-17T19:31:36.615821+00:00 [queued]>
[2025-10-17T19:31:39.610+0000] {taskinstance.py:2076} INFO - Dependencies all met for dep_context=requeueable deps ti=<TaskInstance: jobs_jobspy_daily.collect_jobspy manual__2025-10-17T19:31:36.615821+00:00 [queued]>
[2025-10-17T19:31:39.611+0000] {taskinstance.py:2306} INFO - Starting attempt 1 of 1
[2025-10-17T19:31:39.653+0000] {taskinstance.py:2330} INFO - Executing <Task(BashOperator): collect_jobspy> on 2025-10-17 19:31:36.615821+00:00
[2025-10-17T19:31:39.671+0000] {logging_mixin.py:188} WARNING - /home/***/.local/lib/python3.12/site-packages/***/task/task_runner/standard_task_runner.py:62 DeprecationWarning: This process (pid=2406) is multi-threaded, use of fork() may lead to deadlocks in the child.
[2025-10-17T19:31:39.667+0000] {standard_task_runner.py:90} INFO - Running: ['***', 'tasks', 'run', 'jobs_jobspy_daily', 'collect_jobspy', 'manual__2025-10-17T19:31:36.615821+00:00', '--job-id', '52', '--raw', '--subdir', 'DAGS_FOLDER/jobs_jobspy_daily.py', '--cfg-path', '/tmp/tmpb82b2nu3']
[2025-10-17T19:31:39.674+0000] {standard_task_runner.py:64} INFO - Started process 2407 to run task
[2025-10-17T19:31:39.674+0000] {standard_task_runner.py:91} INFO - Job 52: Subtask collect_jobspy
[2025-10-17T19:31:39.812+0000] {task_command.py:426} INFO - Running <TaskInstance: jobs_jobspy_daily.collect_jobspy manual__2025-10-17T19:31:36.615821+00:00 [running]> on host 68cd41389e54
[2025-10-17T19:31:40.097+0000] {taskinstance.py:2648} INFO - Exporting env vars: AIRFLOW_CTX_DAG_OWNER='***' AIRFLOW_CTX_DAG_ID='jobs_jobspy_daily' AIRFLOW_CTX_TASK_ID='collect_jobspy' AIRFLOW_CTX_EXECUTION_DATE='2025-10-17T19:31:36.615821+00:00' AIRFLOW_CTX_TRY_NUMBER='1' AIRFLOW_CTX_DAG_RUN_ID='manual__2025-10-17T19:31:36.615821+00:00'
[2025-10-17T19:31:40.099+0000] {taskinstance.py:430} INFO - ::endgroup::
[2025-10-17T19:31:40.223+0000] {subprocess.py:63} INFO - Tmp dir root location: /tmp
[2025-10-17T19:31:40.229+0000] {subprocess.py:75} INFO - Running command: ['/usr/bin/bash', '-c', "python /workspace/scripts/jobspy_collect.py --queries 'Data Engineer,Data Scientist,ML Engineer,DevOps Engineer,Backend Developer,Data Analyst' --locations 'France,Remote,Paris,Lyon' --sites indeed,glassdoor,linkedin --pages 8 --days 45"]
[2025-10-17T19:31:40.283+0000] {subprocess.py:86} INFO - Output:
[2025-10-17T19:33:25.838+0000] {subprocess.py:93} INFO - 2025-10-17 19:33:25,837 - INFO - JobSpy:Linkedin - finished scraping
[2025-10-17T19:33:26.271+0000] {subprocess.py:93} INFO - /workspace/scripts/jobspy_collect.py:53: FutureWarning: The behavior of DataFrame concatenation with empty or all-NA entries is deprecated. In a future version, this will no longer exclude empty or all-NA columns when determining the result dtypes. To retain the old behavior, exclude the relevant entries before the concat operation.
[2025-10-17T19:33:26.272+0000] {subprocess.py:93} INFO -   df_all = pd.concat(parts, ignore_index=True)
[2025-10-17T19:34:47.111+0000] {subprocess.py:93} INFO - /workspace/scripts/jobspy_collect.py:53: FutureWarning: The behavior of DataFrame concatenation with empty or all-NA entries is deprecated. In a future version, this will no longer exclude empty or all-NA columns when determining the result dtypes. To retain the old behavior, exclude the relevant entries before the concat operation.
[2025-10-17T19:34:47.114+0000] {subprocess.py:93} INFO -   df_all = pd.concat(parts, ignore_index=True)
[2025-10-17T19:35:23.563+0000] {local_task_job_runner.py:313} WARNING - State of this instance has been externally set to failed. Terminating instance.
[2025-10-17T19:35:23.567+0000] {local_task_job_runner.py:222} INFO - ::endgroup::
[2025-10-17T19:35:23.594+0000] {process_utils.py:132} INFO - Sending 15 to group 2407. PIDs of all processes in the group: [2408, 2407]
[2025-10-17T19:35:23.597+0000] {process_utils.py:87} INFO - Sending the signal 15 to group 2407
[2025-10-17T19:35:23.599+0000] {taskinstance.py:2611} ERROR - Received SIGTERM. Terminating subprocesses.
[2025-10-17T19:35:23.602+0000] {subprocess.py:104} INFO - Sending SIGTERM signal to process group
[2025-10-17T19:35:23.612+0000] {taskinstance.py:441} INFO - ::group::Post task execution logs
[2025-10-17T19:35:23.773+0000] {process_utils.py:80} INFO - Process psutil.Process(pid=2407, status='terminated', exitcode=0, started='19:31:39') (2407) terminated with exit code 0
[2025-10-17T19:35:23.781+0000] {process_utils.py:80} INFO - Process psutil.Process(pid=2408, status='terminated', started='19:31:40') (2408) terminated with exit code None
