[2025-10-17T14:05:57.599+0000] {local_task_job_runner.py:120} INFO - ::group::Pre task execution logs
[2025-10-17T14:05:57.676+0000] {taskinstance.py:2076} INFO - Dependencies all met for dep_context=non-requeueable deps ti=<TaskInstance: jobs_jobspy_daily.match_demo manual__2025-10-17T14:04:31.567642+00:00 [queued]>
[2025-10-17T14:05:57.698+0000] {taskinstance.py:2076} INFO - Dependencies all met for dep_context=requeueable deps ti=<TaskInstance: jobs_jobspy_daily.match_demo manual__2025-10-17T14:04:31.567642+00:00 [queued]>
[2025-10-17T14:05:57.724+0000] {taskinstance.py:2306} INFO - Starting attempt 1 of 1
[2025-10-17T14:05:57.767+0000] {taskinstance.py:2330} INFO - Executing <Task(BashOperator): match_demo> on 2025-10-17 14:04:31.567642+00:00
[2025-10-17T14:05:57.790+0000] {logging_mixin.py:188} WARNING - /home/***/.local/lib/python3.12/site-packages/***/task/task_runner/standard_task_runner.py:62 DeprecationWarning: This process (pid=348) is multi-threaded, use of fork() may lead to deadlocks in the child.
[2025-10-17T14:05:57.793+0000] {standard_task_runner.py:64} INFO - Started process 349 to run task
[2025-10-17T14:05:57.788+0000] {standard_task_runner.py:90} INFO - Running: ['***', 'tasks', 'run', 'jobs_jobspy_daily', 'match_demo', 'manual__2025-10-17T14:04:31.567642+00:00', '--job-id', '20', '--raw', '--subdir', 'DAGS_FOLDER/jobs_jobspy_daily.py', '--cfg-path', '/tmp/tmpj0_wy6_7']
[2025-10-17T14:05:57.795+0000] {standard_task_runner.py:91} INFO - Job 20: Subtask match_demo
[2025-10-17T14:05:57.918+0000] {task_command.py:426} INFO - Running <TaskInstance: jobs_jobspy_daily.match_demo manual__2025-10-17T14:04:31.567642+00:00 [running]> on host 85aa96716886
[2025-10-17T14:05:58.107+0000] {taskinstance.py:2648} INFO - Exporting env vars: AIRFLOW_CTX_DAG_OWNER='***' AIRFLOW_CTX_DAG_ID='jobs_jobspy_daily' AIRFLOW_CTX_TASK_ID='match_demo' AIRFLOW_CTX_EXECUTION_DATE='2025-10-17T14:04:31.567642+00:00' AIRFLOW_CTX_TRY_NUMBER='1' AIRFLOW_CTX_DAG_RUN_ID='manual__2025-10-17T14:04:31.567642+00:00'
[2025-10-17T14:05:58.109+0000] {taskinstance.py:430} INFO - ::endgroup::
[2025-10-17T14:05:58.139+0000] {subprocess.py:63} INFO - Tmp dir root location: /tmp
[2025-10-17T14:05:58.142+0000] {subprocess.py:75} INFO - Running command: ['/usr/bin/bash', '-c', "curl -X POST 'http://api:8000/match/run?job_title=Data%20Engineer'"]
[2025-10-17T14:05:58.155+0000] {subprocess.py:86} INFO - Output:
[2025-10-17T14:05:58.264+0000] {subprocess.py:93} INFO -   % Total    % Received % Xferd  Average Speed   Time    Time     Time  Current
[2025-10-17T14:05:58.266+0000] {subprocess.py:93} INFO -                                  Dload  Upload   Total   Spent    Left  Speed
[2025-10-17T14:05:58.932+0000] {subprocess.py:93} INFO -   0     0    0     0    0     0      0      0 --:--:-- --:--:-- --:--:--     0100    26  100    26    0     0     38      0 --:--:-- --:--:-- --:--:--    38100    26  100    26    0     0     38      0 --:--:-- --:--:-- --:--:--    38
[2025-10-17T14:05:58.938+0000] {subprocess.py:93} INFO - {"detail":"job not found"}
[2025-10-17T14:05:58.940+0000] {subprocess.py:97} INFO - Command exited with return code 0
[2025-10-17T14:05:58.942+0000] {taskinstance.py:441} INFO - ::group::Post task execution logs
[2025-10-17T14:05:58.998+0000] {taskinstance.py:1206} INFO - Marking task as SUCCESS. dag_id=jobs_jobspy_daily, task_id=match_demo, run_id=manual__2025-10-17T14:04:31.567642+00:00, execution_date=20251017T140431, start_date=20251017T140557, end_date=20251017T140558
[2025-10-17T14:05:59.058+0000] {local_task_job_runner.py:243} INFO - Task exited with return code 0
[2025-10-17T14:05:59.111+0000] {taskinstance.py:3503} INFO - 0 downstream tasks scheduled from follow-on schedule check
[2025-10-17T14:05:59.115+0000] {local_task_job_runner.py:222} INFO - ::endgroup::
