[2025-10-18T20:35:36.735+0000] {local_task_job_runner.py:120} INFO - ::group::Pre task execution logs
[2025-10-18T20:35:36.786+0000] {taskinstance.py:2076} INFO - Dependencies all met for dep_context=non-requeueable deps ti=<TaskInstance: jobs_jobspy_daily.match_demo manual__2025-10-18T20:34:33.121718+00:00 [queued]>
[2025-10-18T20:35:36.799+0000] {taskinstance.py:2076} INFO - Dependencies all met for dep_context=requeueable deps ti=<TaskInstance: jobs_jobspy_daily.match_demo manual__2025-10-18T20:34:33.121718+00:00 [queued]>
[2025-10-18T20:35:36.800+0000] {taskinstance.py:2306} INFO - Starting attempt 1 of 1
[2025-10-18T20:35:36.818+0000] {taskinstance.py:2330} INFO - Executing <Task(BashOperator): match_demo> on 2025-10-18 20:34:33.121718+00:00
[2025-10-18T20:35:36.828+0000] {logging_mixin.py:188} WARNING - /home/***/.local/lib/python3.12/site-packages/***/task/task_runner/standard_task_runner.py:62 DeprecationWarning: This process (pid=2658) is multi-threaded, use of fork() may lead to deadlocks in the child.
[2025-10-18T20:35:36.830+0000] {standard_task_runner.py:64} INFO - Started process 2659 to run task
[2025-10-18T20:35:36.828+0000] {standard_task_runner.py:90} INFO - Running: ['***', 'tasks', 'run', 'jobs_jobspy_daily', 'match_demo', 'manual__2025-10-18T20:34:33.121718+00:00', '--job-id', '65', '--raw', '--subdir', 'DAGS_FOLDER/jobs_jobspy_daily.py', '--cfg-path', '/tmp/tmptaesqgkd']
[2025-10-18T20:35:36.831+0000] {standard_task_runner.py:91} INFO - Job 65: Subtask match_demo
[2025-10-18T20:35:36.903+0000] {task_command.py:426} INFO - Running <TaskInstance: jobs_jobspy_daily.match_demo manual__2025-10-18T20:34:33.121718+00:00 [running]> on host 68cd41389e54
[2025-10-18T20:35:37.046+0000] {taskinstance.py:2648} INFO - Exporting env vars: AIRFLOW_CTX_DAG_OWNER='***' AIRFLOW_CTX_DAG_ID='jobs_jobspy_daily' AIRFLOW_CTX_TASK_ID='match_demo' AIRFLOW_CTX_EXECUTION_DATE='2025-10-18T20:34:33.121718+00:00' AIRFLOW_CTX_TRY_NUMBER='1' AIRFLOW_CTX_DAG_RUN_ID='manual__2025-10-18T20:34:33.121718+00:00'
[2025-10-18T20:35:37.047+0000] {taskinstance.py:430} INFO - ::endgroup::
[2025-10-18T20:35:37.068+0000] {subprocess.py:63} INFO - Tmp dir root location: /tmp
[2025-10-18T20:35:37.071+0000] {subprocess.py:75} INFO - Running command: ['/usr/bin/bash', '-c', "curl -s -X POST 'http://api:8000/match/run?job_title=Data%20Engineer'"]
[2025-10-18T20:35:37.083+0000] {subprocess.py:86} INFO - Output:
[2025-10-18T20:35:37.304+0000] {subprocess.py:93} INFO - {"detail":"job not found"}
[2025-10-18T20:35:37.305+0000] {subprocess.py:97} INFO - Command exited with return code 0
[2025-10-18T20:35:37.307+0000] {taskinstance.py:441} INFO - ::group::Post task execution logs
[2025-10-18T20:35:37.355+0000] {taskinstance.py:1206} INFO - Marking task as SUCCESS. dag_id=jobs_jobspy_daily, task_id=match_demo, run_id=manual__2025-10-18T20:34:33.121718+00:00, execution_date=20251018T203433, start_date=20251018T203536, end_date=20251018T203537
[2025-10-18T20:35:37.407+0000] {local_task_job_runner.py:243} INFO - Task exited with return code 0
[2025-10-18T20:35:37.443+0000] {taskinstance.py:3503} INFO - 0 downstream tasks scheduled from follow-on schedule check
[2025-10-18T20:35:37.447+0000] {local_task_job_runner.py:222} INFO - ::endgroup::
