[2025-10-17T18:56:08.367+0000] {local_task_job_runner.py:120} INFO - ::group::Pre task execution logs
[2025-10-17T18:56:08.580+0000] {taskinstance.py:2076} INFO - Dependencies all met for dep_context=non-requeueable deps ti=<TaskInstance: jobs_jobspy_daily.normalize_jobspy manual__2025-10-17T18:55:08.964110+00:00 [queued]>
[2025-10-17T18:56:08.630+0000] {taskinstance.py:2076} INFO - Dependencies all met for dep_context=requeueable deps ti=<TaskInstance: jobs_jobspy_daily.normalize_jobspy manual__2025-10-17T18:55:08.964110+00:00 [queued]>
[2025-10-17T18:56:08.632+0000] {taskinstance.py:2306} INFO - Starting attempt 1 of 1
[2025-10-17T18:56:08.695+0000] {taskinstance.py:2330} INFO - Executing <Task(BashOperator): normalize_jobspy> on 2025-10-17 18:55:08.964110+00:00
[2025-10-17T18:56:08.715+0000] {logging_mixin.py:188} WARNING - /home/***/.local/lib/python3.12/site-packages/***/task/task_runner/standard_task_runner.py:62 DeprecationWarning: This process (pid=477) is multi-threaded, use of fork() may lead to deadlocks in the child.
[2025-10-17T18:56:08.719+0000] {standard_task_runner.py:64} INFO - Started process 478 to run task
[2025-10-17T18:56:08.714+0000] {standard_task_runner.py:90} INFO - Running: ['***', 'tasks', 'run', 'jobs_jobspy_daily', 'normalize_jobspy', 'manual__2025-10-17T18:55:08.964110+00:00', '--job-id', '49', '--raw', '--subdir', 'DAGS_FOLDER/jobs_jobspy_daily.py', '--cfg-path', '/tmp/tmp3ed7srza']
[2025-10-17T18:56:08.723+0000] {standard_task_runner.py:91} INFO - Job 49: Subtask normalize_jobspy
[2025-10-17T18:56:08.964+0000] {task_command.py:426} INFO - Running <TaskInstance: jobs_jobspy_daily.normalize_jobspy manual__2025-10-17T18:55:08.964110+00:00 [running]> on host 68cd41389e54
[2025-10-17T18:56:09.243+0000] {taskinstance.py:2648} INFO - Exporting env vars: AIRFLOW_CTX_DAG_OWNER='***' AIRFLOW_CTX_DAG_ID='jobs_jobspy_daily' AIRFLOW_CTX_TASK_ID='normalize_jobspy' AIRFLOW_CTX_EXECUTION_DATE='2025-10-17T18:55:08.964110+00:00' AIRFLOW_CTX_TRY_NUMBER='1' AIRFLOW_CTX_DAG_RUN_ID='manual__2025-10-17T18:55:08.964110+00:00'
[2025-10-17T18:56:09.245+0000] {taskinstance.py:430} INFO - ::endgroup::
[2025-10-17T18:56:09.275+0000] {subprocess.py:63} INFO - Tmp dir root location: /tmp
[2025-10-17T18:56:09.276+0000] {subprocess.py:75} INFO - Running command: ['/usr/bin/bash', '-c', 'python /workspace/scripts/jobspy_normalize_jobs.py']
[2025-10-17T18:56:09.290+0000] {subprocess.py:86} INFO - Output:
[2025-10-17T18:56:10.187+0000] {subprocess.py:93} INFO - Ingested: 0
[2025-10-17T18:56:10.227+0000] {subprocess.py:97} INFO - Command exited with return code 0
[2025-10-17T18:56:10.228+0000] {taskinstance.py:441} INFO - ::group::Post task execution logs
[2025-10-17T18:56:10.302+0000] {taskinstance.py:1206} INFO - Marking task as SUCCESS. dag_id=jobs_jobspy_daily, task_id=normalize_jobspy, run_id=manual__2025-10-17T18:55:08.964110+00:00, execution_date=20251017T185508, start_date=20251017T185608, end_date=20251017T185610
[2025-10-17T18:56:10.349+0000] {local_task_job_runner.py:243} INFO - Task exited with return code 0
[2025-10-17T18:56:10.450+0000] {taskinstance.py:3503} INFO - 1 downstream tasks scheduled from follow-on schedule check
[2025-10-17T18:56:10.453+0000] {local_task_job_runner.py:222} INFO - ::endgroup::
